2018-05-11 15:18:09,910 [Worker-3] INFO  c.g.t.t.d.PublishedGradleVersions - Gradle version information cache is up-to-date. Trying to read.
2018-05-11 15:20:41,264 [Worker-0] INFO  o.e.m.c.i.p.ProjectConfigurationManager - Collecting project info '/pom.xml' C:\backup_Ibrahim_or\CustomProjects\Patterns\Spring_in_eclipse_2\productservices\pom.xml
2018-05-11 15:20:42,620 [Worker-0] INFO  o.e.m.c.i.l.LifecycleMappingFactory - Using org.eclipse.m2e.jdt.JarLifecycleMapping lifecycle mapping for MavenProject: com.ibrahim.product:productservices:0.0.1-SNAPSHOT @ C:\backup_Ibrahim_or\CustomProjects\Patterns\Spring_in_eclipse_2\productservices\pom.xml.
2018-05-11 15:20:43,522 [Worker-0] INFO  o.e.m.j.i.AbstractJavaProjectConfigurator - Adding source folder /productservices/src/main/java
2018-05-11 15:20:43,531 [Worker-0] INFO  o.e.m.j.i.AbstractJavaProjectConfigurator - Adding source folder /productservices/src/test/java
2018-05-11 15:20:44,539 [Worker-0] INFO  o.e.m.c.i.p.ProjectConfigurationManager - Imported and configured 1 project(s) in 3 sec
2018-05-11 15:20:45,286 [Worker-1] INFO  o.e.m.c.i.embedder.EclipseLogger - Using 'UTF-8' encoding to copy filtered resources.
2018-05-11 15:20:45,286 [Worker-1] INFO  o.e.m.c.i.embedder.EclipseLogger - skip non existing resourceDirectory C:\backup_Ibrahim_or\CustomProjects\Patterns\Spring_in_eclipse_2\productservices\src\main\resources
2018-05-11 15:20:45,288 [Worker-1] INFO  o.e.m.c.i.embedder.EclipseLogger - Using 'UTF-8' encoding to copy filtered resources.
2018-05-11 15:20:45,288 [Worker-1] INFO  o.e.m.c.i.embedder.EclipseLogger - skip non existing resourceDirectory C:\backup_Ibrahim_or\CustomProjects\Patterns\Spring_in_eclipse_2\productservices\src\test\resources
2018-05-11 15:20:56,367 [Worker-1] INFO  o.e.m.c.i.embedder.EclipseLogger - Using 'UTF-8' encoding to copy filtered resources.
2018-05-11 15:20:56,367 [Worker-1] INFO  o.e.m.c.i.embedder.EclipseLogger - skip non existing resourceDirectory C:\backup_Ibrahim_or\CustomProjects\Patterns\Spring_in_eclipse_2\productservices\src\main\resources
2018-05-11 15:20:56,368 [Worker-1] INFO  o.e.m.c.i.embedder.EclipseLogger - Using 'UTF-8' encoding to copy filtered resources.
2018-05-11 15:20:56,369 [Worker-1] INFO  o.e.m.c.i.embedder.EclipseLogger - skip non existing resourceDirectory C:\backup_Ibrahim_or\CustomProjects\Patterns\Spring_in_eclipse_2\productservices\src\test\resources
2018-05-11 15:22:04,498 [Worker-4] INFO  o.e.m.c.i.embedder.EclipseLogger - Using 'UTF-8' encoding to copy filtered resources.
2018-05-11 15:22:04,498 [Worker-4] INFO  o.e.m.c.i.embedder.EclipseLogger - skip non existing resourceDirectory C:\backup_Ibrahim_or\CustomProjects\Patterns\Spring_in_eclipse_2\productservices\src\main\resources
2018-05-11 15:22:04,499 [Worker-4] INFO  o.e.m.c.i.embedder.EclipseLogger - Using 'UTF-8' encoding to copy filtered resources.
2018-05-11 15:22:04,500 [Worker-4] INFO  o.e.m.c.i.embedder.EclipseLogger - skip non existing resourceDirectory C:\backup_Ibrahim_or\CustomProjects\Patterns\Spring_in_eclipse_2\productservices\src\test\resources
2018-05-11 15:22:09,208 [Worker-1] INFO  o.e.m.i.launch.MavenLaunchDelegate - C:\backup_Ibrahim_or\CustomProjects\Patterns\Spring_in_eclipse_2\productservices
2018-05-11 15:22:09,209 [Worker-1] INFO  o.e.m.i.launch.MavenLaunchDelegate -  mvn -B install
2018-05-11 15:22:12,641 [Worker-1] INFO  o.e.m.c.i.embedder.EclipseLogger - Using 'UTF-8' encoding to copy filtered resources.
2018-05-11 15:22:12,642 [Worker-1] INFO  o.e.m.c.i.embedder.EclipseLogger - skip non existing resourceDirectory C:\backup_Ibrahim_or\CustomProjects\Patterns\Spring_in_eclipse_2\productservices\src\main\resources
2018-05-11 15:22:12,643 [Worker-1] INFO  o.e.m.c.i.embedder.EclipseLogger - Using 'UTF-8' encoding to copy filtered resources.
2018-05-11 15:22:12,643 [Worker-1] INFO  o.e.m.c.i.embedder.EclipseLogger - skip non existing resourceDirectory C:\backup_Ibrahim_or\CustomProjects\Patterns\Spring_in_eclipse_2\productservices\src\test\resources
2018-05-11 15:24:04,020 [Worker-11] INFO  o.e.m.c.i.embedder.EclipseLogger - Using 'UTF-8' encoding to copy filtered resources.
2018-05-11 15:24:04,020 [Worker-11] INFO  o.e.m.c.i.embedder.EclipseLogger - skip non existing resourceDirectory C:\backup_Ibrahim_or\CustomProjects\Patterns\Spring_in_eclipse_2\productservices\src\main\resources
2018-05-11 15:24:04,021 [Worker-11] INFO  o.e.m.c.i.embedder.EclipseLogger - Using 'UTF-8' encoding to copy filtered resources.
2018-05-11 15:24:04,021 [Worker-11] INFO  o.e.m.c.i.embedder.EclipseLogger - skip non existing resourceDirectory C:\backup_Ibrahim_or\CustomProjects\Patterns\Spring_in_eclipse_2\productservices\src\test\resources
2018-05-11 15:24:09,285 [Worker-0] INFO  o.e.m.c.i.embedder.EclipseLogger - Using 'UTF-8' encoding to copy filtered resources.
2018-05-11 15:24:09,286 [Worker-0] INFO  o.e.m.c.i.embedder.EclipseLogger - skip non existing resourceDirectory C:\backup_Ibrahim_or\CustomProjects\Patterns\Spring_in_eclipse_2\productservices\src\main\resources
2018-05-11 15:24:09,287 [Worker-0] INFO  o.e.m.c.i.embedder.EclipseLogger - Using 'UTF-8' encoding to copy filtered resources.
2018-05-11 15:24:09,287 [Worker-0] INFO  o.e.m.c.i.embedder.EclipseLogger - skip non existing resourceDirectory C:\backup_Ibrahim_or\CustomProjects\Patterns\Spring_in_eclipse_2\productservices\src\test\resources
2018-05-11 15:24:21,274 [Worker-9] INFO  o.e.m.i.launch.MavenLaunchDelegate - C:\backup_Ibrahim_or\CustomProjects\Patterns\Spring_in_eclipse_2\productservices
2018-05-11 15:24:21,274 [Worker-9] INFO  o.e.m.i.launch.MavenLaunchDelegate -  mvn -B install
2018-05-11 15:24:34,060 [Worker-2] INFO  o.e.m.c.i.embedder.EclipseLogger - Using 'UTF-8' encoding to copy filtered resources.
2018-05-11 15:24:34,060 [Worker-2] INFO  o.e.m.c.i.embedder.EclipseLogger - skip non existing resourceDirectory C:\backup_Ibrahim_or\CustomProjects\Patterns\Spring_in_eclipse_2\productservices\src\main\resources
2018-05-11 15:24:34,061 [Worker-2] INFO  o.e.m.c.i.embedder.EclipseLogger - Using 'UTF-8' encoding to copy filtered resources.
2018-05-11 15:24:34,061 [Worker-2] INFO  o.e.m.c.i.embedder.EclipseLogger - skip non existing resourceDirectory C:\backup_Ibrahim_or\CustomProjects\Patterns\Spring_in_eclipse_2\productservices\src\test\resources
2018-05-11 15:31:15,509 [ModalContext] INFO  o.e.m.c.i.e.AbstractTransferListenerAdapter - Downloaded https://repo.maven.apache.org/maven2/org/apache/mave/plugins/maven-compiler-plugin/3.2/maven-compiler-plugin-3.2.pom
2018-05-11 15:31:15,512 [ModalContext] WARN  o.e.m.c.i.embedder.EclipseLogger - The POM for org.apache.mave.plugins:maven-compiler-plugin:jar:3.2 is missing, no dependency information available
2018-05-11 15:31:15,863 [ModalContext] INFO  o.e.m.c.i.e.AbstractTransferListenerAdapter - Downloaded https://repo.maven.apache.org/maven2/org/apache/mave/plugins/maven-compiler-plugin/3.2/maven-compiler-plugin-3.2.jar
2018-05-11 15:31:15,865 [ModalContext] WARN  o.e.m.e.x.i.m.MojoParameterMetadataProvider - Plugin org.apache.mave.plugins:maven-compiler-plugin:3.2 or one of its dependencies could not be resolved: Could not find artifact org.apache.mave.plugins:maven-compiler-plugin:jar:3.2 in central (https://repo.maven.apache.org/maven2)
2018-05-11 15:31:33,083 [Worker-15] INFO  o.e.m.c.i.l.LifecycleMappingFactory - Using org.eclipse.m2e.jdt.JarLifecycleMapping lifecycle mapping for MavenProject: com.ibrahim.product:productservices:0.0.1-SNAPSHOT @ C:\backup_Ibrahim_or\CustomProjects\Patterns\Spring_in_eclipse_2\productservices\pom.xml.
2018-05-11 15:31:33,376 [Worker-15] INFO  o.e.m.c.i.embedder.EclipseLogger - Using 'UTF-8' encoding to copy filtered resources.
2018-05-11 15:31:33,376 [Worker-15] INFO  o.e.m.c.i.embedder.EclipseLogger - skip non existing resourceDirectory C:\backup_Ibrahim_or\CustomProjects\Patterns\Spring_in_eclipse_2\productservices\src\main\resources
2018-05-11 15:31:33,378 [Worker-15] INFO  o.e.m.c.i.embedder.EclipseLogger - Using 'UTF-8' encoding to copy filtered resources.
2018-05-11 15:31:33,379 [Worker-15] INFO  o.e.m.c.i.embedder.EclipseLogger - skip non existing resourceDirectory C:\backup_Ibrahim_or\CustomProjects\Patterns\Spring_in_eclipse_2\productservices\src\test\resources
2018-05-11 15:32:51,853 [Worker-2] INFO  o.e.m.c.i.p.ProjectConfigurationManager - Update started
2018-05-11 15:32:52,422 [Worker-2] INFO  o.e.m.c.i.l.LifecycleMappingFactory - Using org.eclipse.m2e.jdt.JarLifecycleMapping lifecycle mapping for MavenProject: com.ibrahim.product:productservices:0.0.1-SNAPSHOT @ C:\backup_Ibrahim_or\CustomProjects\Patterns\Spring_in_eclipse_2\productservices\pom.xml.
2018-05-11 15:32:52,625 [Worker-2] INFO  o.e.m.j.i.AbstractJavaProjectConfigurator - Adding source folder /productservices/src/main/java
2018-05-11 15:32:52,626 [Worker-2] INFO  o.e.m.j.i.AbstractJavaProjectConfigurator - Adding source folder /productservices/src/test/java
2018-05-11 15:32:52,762 [Worker-2] INFO  o.e.m.c.i.p.ProjectConfigurationManager - Update completed: 0 sec
2018-05-11 15:32:52,924 [Worker-2] INFO  o.e.m.c.i.embedder.EclipseLogger - Using 'UTF-8' encoding to copy filtered resources.
2018-05-11 15:32:52,924 [Worker-2] INFO  o.e.m.c.i.embedder.EclipseLogger - skip non existing resourceDirectory C:\backup_Ibrahim_or\CustomProjects\Patterns\Spring_in_eclipse_2\productservices\src\main\resources
2018-05-11 15:32:52,926 [Worker-2] INFO  o.e.m.c.i.embedder.EclipseLogger - Using 'UTF-8' encoding to copy filtered resources.
2018-05-11 15:32:52,926 [Worker-2] INFO  o.e.m.c.i.embedder.EclipseLogger - skip non existing resourceDirectory C:\backup_Ibrahim_or\CustomProjects\Patterns\Spring_in_eclipse_2\productservices\src\test\resources
2018-05-11 15:33:18,002 [Worker-15] INFO  o.e.m.c.i.l.LifecycleMappingFactory - Using org.eclipse.m2e.jdt.JarLifecycleMapping lifecycle mapping for MavenProject: com.ibrahim.product:productservices:0.0.1-SNAPSHOT @ C:\backup_Ibrahim_or\CustomProjects\Patterns\Spring_in_eclipse_2\productservices\pom.xml.
2018-05-11 15:33:18,136 [Worker-15] INFO  o.e.m.c.i.embedder.EclipseLogger - Using 'UTF-8' encoding to copy filtered resources.
2018-05-11 15:33:18,136 [Worker-15] INFO  o.e.m.c.i.embedder.EclipseLogger - skip non existing resourceDirectory C:\backup_Ibrahim_or\CustomProjects\Patterns\Spring_in_eclipse_2\productservices\src\main\resources
2018-05-11 15:33:18,138 [Worker-15] INFO  o.e.m.c.i.embedder.EclipseLogger - Using 'UTF-8' encoding to copy filtered resources.
2018-05-11 15:33:18,138 [Worker-15] INFO  o.e.m.c.i.embedder.EclipseLogger - skip non existing resourceDirectory C:\backup_Ibrahim_or\CustomProjects\Patterns\Spring_in_eclipse_2\productservices\src\test\resources
2018-05-11 15:33:25,965 [Worker-2] INFO  o.e.m.c.i.p.ProjectConfigurationManager - Update started
2018-05-11 15:33:26,444 [Worker-2] INFO  o.e.m.c.i.l.LifecycleMappingFactory - Using org.eclipse.m2e.jdt.JarLifecycleMapping lifecycle mapping for MavenProject: com.ibrahim.product:productservices:0.0.1-SNAPSHOT @ C:\backup_Ibrahim_or\CustomProjects\Patterns\Spring_in_eclipse_2\productservices\pom.xml.
2018-05-11 15:33:26,603 [Worker-2] INFO  o.e.m.j.i.AbstractJavaProjectConfigurator - Adding source folder /productservices/src/main/java
2018-05-11 15:33:26,604 [Worker-2] INFO  o.e.m.j.i.AbstractJavaProjectConfigurator - Adding source folder /productservices/src/test/java
2018-05-11 15:33:26,713 [Worker-2] INFO  o.e.m.c.i.p.ProjectConfigurationManager - Update completed: 0 sec
2018-05-11 15:33:26,921 [Worker-16] INFO  o.e.m.c.i.embedder.EclipseLogger - Using 'UTF-8' encoding to copy filtered resources.
2018-05-11 15:33:26,921 [Worker-16] INFO  o.e.m.c.i.embedder.EclipseLogger - skip non existing resourceDirectory C:\backup_Ibrahim_or\CustomProjects\Patterns\Spring_in_eclipse_2\productservices\src\main\resources
2018-05-11 15:33:26,923 [Worker-16] INFO  o.e.m.c.i.embedder.EclipseLogger - Using 'UTF-8' encoding to copy filtered resources.
2018-05-11 15:33:26,923 [Worker-16] INFO  o.e.m.c.i.embedder.EclipseLogger - skip non existing resourceDirectory C:\backup_Ibrahim_or\CustomProjects\Patterns\Spring_in_eclipse_2\productservices\src\test\resources
2018-05-11 15:33:43,568 [Worker-17] INFO  o.e.m.c.i.l.LifecycleMappingFactory - Using org.eclipse.m2e.jdt.JarLifecycleMapping lifecycle mapping for MavenProject: com.ibrahim.product:productservices:0.0.1-SNAPSHOT @ C:\backup_Ibrahim_or\CustomProjects\Patterns\Spring_in_eclipse_2\productservices\pom.xml.
2018-05-11 15:33:43,722 [Worker-17] INFO  o.e.m.c.i.embedder.EclipseLogger - Using 'UTF-8' encoding to copy filtered resources.
2018-05-11 15:33:43,723 [Worker-17] INFO  o.e.m.c.i.embedder.EclipseLogger - skip non existing resourceDirectory C:\backup_Ibrahim_or\CustomProjects\Patterns\Spring_in_eclipse_2\productservices\src\main\resources
2018-05-11 15:33:43,724 [Worker-17] INFO  o.e.m.c.i.embedder.EclipseLogger - Using 'UTF-8' encoding to copy filtered resources.
2018-05-11 15:33:43,724 [Worker-17] INFO  o.e.m.c.i.embedder.EclipseLogger - skip non existing resourceDirectory C:\backup_Ibrahim_or\CustomProjects\Patterns\Spring_in_eclipse_2\productservices\src\test\resources
2018-05-11 15:35:05,119 [Worker-15] INFO  o.e.m.c.i.l.LifecycleMappingFactory - Using org.eclipse.m2e.jdt.JarLifecycleMapping lifecycle mapping for MavenProject: com.ibrahim.product:productservices:0.0.1-SNAPSHOT @ C:\backup_Ibrahim_or\CustomProjects\Patterns\Spring_in_eclipse_2\productservices\pom.xml.
2018-05-11 15:35:05,301 [Worker-15] INFO  o.e.m.c.i.embedder.EclipseLogger - Using 'UTF-8' encoding to copy filtered resources.
2018-05-11 15:35:05,302 [Worker-15] INFO  o.e.m.c.i.embedder.EclipseLogger - skip non existing resourceDirectory C:\backup_Ibrahim_or\CustomProjects\Patterns\Spring_in_eclipse_2\productservices\src\main\resources
2018-05-11 15:35:05,303 [Worker-15] INFO  o.e.m.c.i.embedder.EclipseLogger - Using 'UTF-8' encoding to copy filtered resources.
2018-05-11 15:35:05,303 [Worker-15] INFO  o.e.m.c.i.embedder.EclipseLogger - skip non existing resourceDirectory C:\backup_Ibrahim_or\CustomProjects\Patterns\Spring_in_eclipse_2\productservices\src\test\resources
2018-05-11 15:36:33,184 [Worker-2] INFO  o.e.m.c.i.l.LifecycleMappingFactory - Using org.eclipse.m2e.jdt.JarLifecycleMapping lifecycle mapping for MavenProject: com.ibrahim.product:productservices:0.0.1-SNAPSHOT @ C:\backup_Ibrahim_or\CustomProjects\Patterns\Spring_in_eclipse_2\productservices\pom.xml.
2018-05-11 15:36:33,358 [Worker-2] INFO  o.e.m.c.i.embedder.EclipseLogger - Using 'UTF-8' encoding to copy filtered resources.
2018-05-11 15:36:33,358 [Worker-2] INFO  o.e.m.c.i.embedder.EclipseLogger - skip non existing resourceDirectory C:\backup_Ibrahim_or\CustomProjects\Patterns\Spring_in_eclipse_2\productservices\src\main\resources
2018-05-11 15:36:33,359 [Worker-2] INFO  o.e.m.c.i.embedder.EclipseLogger - Using 'UTF-8' encoding to copy filtered resources.
2018-05-11 15:36:33,359 [Worker-2] INFO  o.e.m.c.i.embedder.EclipseLogger - skip non existing resourceDirectory C:\backup_Ibrahim_or\CustomProjects\Patterns\Spring_in_eclipse_2\productservices\src\test\resources
2018-05-11 15:36:51,119 [Worker-15] INFO  o.e.m.c.i.e.AbstractTransferListenerAdapter - Downloading https://repo.maven.apache.org/maven2/org/apache/maven/plugins/maven-compiler-plugin/3.2/maven-compiler-plugin-3.2.jar
2018-05-11 15:36:51,263 [Worker-15] INFO  o.e.m.c.i.e.AbstractTransferListenerAdapter - Downloaded https://repo.maven.apache.org/maven2/org/apache/maven/plugins/maven-compiler-plugin/3.2/maven-compiler-plugin-3.2.jar
2018-05-11 15:36:51,499 [Worker-15] INFO  o.e.m.c.i.e.AbstractTransferListenerAdapter - Downloading https://repo.maven.apache.org/maven2/org/apache/maven/plugins/maven-compiler-plugin/3.2/maven-compiler-plugin-3.2.pom
2018-05-11 15:36:51,605 [Worker-15] INFO  o.e.m.c.i.e.AbstractTransferListenerAdapter - Downloaded https://repo.maven.apache.org/maven2/org/apache/maven/plugins/maven-compiler-plugin/3.2/maven-compiler-plugin-3.2.pom
2018-05-11 15:36:51,982 [Worker-15] INFO  o.e.m.c.i.e.AbstractTransferListenerAdapter - Downloading https://repo.maven.apache.org/maven2/org/codehaus/plexus/plexus-compiler-api/2.4/plexus-compiler-api-2.4.pom
2018-05-11 15:36:52,042 [Worker-15] INFO  o.e.m.c.i.e.AbstractTransferListenerAdapter - Downloaded https://repo.maven.apache.org/maven2/org/codehaus/plexus/plexus-compiler-api/2.4/plexus-compiler-api-2.4.pom
2018-05-11 15:36:52,135 [Worker-15] INFO  o.e.m.c.i.e.AbstractTransferListenerAdapter - Downloading https://repo.maven.apache.org/maven2/org/codehaus/plexus/plexus-compiler/2.4/plexus-compiler-2.4.pom
2018-05-11 15:36:52,211 [Worker-15] INFO  o.e.m.c.i.e.AbstractTransferListenerAdapter - Downloaded https://repo.maven.apache.org/maven2/org/codehaus/plexus/plexus-compiler/2.4/plexus-compiler-2.4.pom
2018-05-11 15:36:52,280 [Worker-15] INFO  o.e.m.c.i.e.AbstractTransferListenerAdapter - Downloading https://repo.maven.apache.org/maven2/org/codehaus/plexus/plexus-utils/3.0.10/plexus-utils-3.0.10.pom
2018-05-11 15:36:52,364 [Worker-15] INFO  o.e.m.c.i.e.AbstractTransferListenerAdapter - Downloaded https://repo.maven.apache.org/maven2/org/codehaus/plexus/plexus-utils/3.0.10/plexus-utils-3.0.10.pom
2018-05-11 15:36:52,463 [Worker-15] INFO  o.e.m.c.i.e.AbstractTransferListenerAdapter - Downloading https://repo.maven.apache.org/maven2/org/codehaus/plexus/plexus-compiler-manager/2.4/plexus-compiler-manager-2.4.pom
2018-05-11 15:36:52,515 [Worker-15] INFO  o.e.m.c.i.e.AbstractTransferListenerAdapter - Downloaded https://repo.maven.apache.org/maven2/org/codehaus/plexus/plexus-compiler-manager/2.4/plexus-compiler-manager-2.4.pom
2018-05-11 15:36:52,592 [Worker-15] INFO  o.e.m.c.i.e.AbstractTransferListenerAdapter - Downloading https://repo.maven.apache.org/maven2/org/codehaus/plexus/plexus-compiler-javac/2.4/plexus-compiler-javac-2.4.pom
2018-05-11 15:36:52,643 [Worker-15] INFO  o.e.m.c.i.e.AbstractTransferListenerAdapter - Downloaded https://repo.maven.apache.org/maven2/org/codehaus/plexus/plexus-compiler-javac/2.4/plexus-compiler-javac-2.4.pom
2018-05-11 15:36:52,823 [Worker-15] INFO  o.e.m.c.i.e.AbstractTransferListenerAdapter - Downloading https://repo.maven.apache.org/maven2/org/codehaus/plexus/plexus-compilers/2.4/plexus-compilers-2.4.pom
2018-05-11 15:36:52,933 [Worker-15] INFO  o.e.m.c.i.e.AbstractTransferListenerAdapter - Downloaded https://repo.maven.apache.org/maven2/org/codehaus/plexus/plexus-compilers/2.4/plexus-compilers-2.4.pom
2018-05-11 15:36:53,075 [Worker-15] INFO  o.e.m.c.i.e.AbstractTransferListenerAdapter - Downloading https://repo.maven.apache.org/maven2/org/codehaus/plexus/plexus-compiler-api/2.4/plexus-compiler-api-2.4.jar
2018-05-11 15:36:53,188 [Worker-15] INFO  o.e.m.c.i.e.AbstractTransferListenerAdapter - Downloaded https://repo.maven.apache.org/maven2/org/codehaus/plexus/plexus-compiler-api/2.4/plexus-compiler-api-2.4.jar
2018-05-11 15:36:53,230 [Worker-15] INFO  o.e.m.c.i.e.AbstractTransferListenerAdapter - Downloading https://repo.maven.apache.org/maven2/org/codehaus/plexus/plexus-compiler-manager/2.4/plexus-compiler-manager-2.4.jar
2018-05-11 15:36:53,289 [Worker-15] INFO  o.e.m.c.i.e.AbstractTransferListenerAdapter - Downloaded https://repo.maven.apache.org/maven2/org/codehaus/plexus/plexus-compiler-manager/2.4/plexus-compiler-manager-2.4.jar
2018-05-11 15:36:53,359 [Worker-15] INFO  o.e.m.c.i.e.AbstractTransferListenerAdapter - Downloading https://repo.maven.apache.org/maven2/org/codehaus/plexus/plexus-compiler-javac/2.4/plexus-compiler-javac-2.4.jar
2018-05-11 15:36:53,423 [Worker-15] INFO  o.e.m.c.i.e.AbstractTransferListenerAdapter - Downloaded https://repo.maven.apache.org/maven2/org/codehaus/plexus/plexus-compiler-javac/2.4/plexus-compiler-javac-2.4.jar
2018-05-11 15:36:53,659 [Worker-15] INFO  o.e.m.c.i.l.LifecycleMappingFactory - Using org.eclipse.m2e.jdt.JarLifecycleMapping lifecycle mapping for MavenProject: com.ibrahim.product:productservices:0.0.1-SNAPSHOT @ C:\backup_Ibrahim_or\CustomProjects\Patterns\Spring_in_eclipse_2\productservices\pom.xml.
2018-05-11 15:36:53,895 [Worker-15] INFO  o.e.m.c.i.embedder.EclipseLogger - Using 'UTF-8' encoding to copy filtered resources.
2018-05-11 15:36:53,896 [Worker-15] INFO  o.e.m.c.i.embedder.EclipseLogger - skip non existing resourceDirectory C:\backup_Ibrahim_or\CustomProjects\Patterns\Spring_in_eclipse_2\productservices\src\main\resources
2018-05-11 15:36:53,898 [Worker-15] INFO  o.e.m.c.i.embedder.EclipseLogger - Using 'UTF-8' encoding to copy filtered resources.
2018-05-11 15:36:53,898 [Worker-15] INFO  o.e.m.c.i.embedder.EclipseLogger - skip non existing resourceDirectory C:\backup_Ibrahim_or\CustomProjects\Patterns\Spring_in_eclipse_2\productservices\src\test\resources
2018-05-11 15:36:59,965 [Worker-17] INFO  o.e.m.c.i.p.ProjectConfigurationManager - Update started
2018-05-11 15:37:00,386 [Worker-17] INFO  o.e.m.c.i.l.LifecycleMappingFactory - Using org.eclipse.m2e.jdt.JarLifecycleMapping lifecycle mapping for MavenProject: com.ibrahim.product:productservices:0.0.1-SNAPSHOT @ C:\backup_Ibrahim_or\CustomProjects\Patterns\Spring_in_eclipse_2\productservices\pom.xml.
2018-05-11 15:37:00,519 [Worker-17] INFO  o.e.m.j.i.AbstractJavaProjectConfigurator - Adding source folder /productservices/src/main/java
2018-05-11 15:37:00,520 [Worker-17] INFO  o.e.m.j.i.AbstractJavaProjectConfigurator - Adding source folder /productservices/src/test/java
2018-05-11 15:37:00,701 [Worker-17] INFO  o.e.m.c.i.p.ProjectConfigurationManager - Update completed: 0 sec
2018-05-11 15:37:00,870 [Worker-17] INFO  o.e.m.c.i.embedder.EclipseLogger - Using 'UTF-8' encoding to copy filtered resources.
2018-05-11 15:37:00,871 [Worker-17] INFO  o.e.m.c.i.embedder.EclipseLogger - skip non existing resourceDirectory C:\backup_Ibrahim_or\CustomProjects\Patterns\Spring_in_eclipse_2\productservices\src\main\resources
2018-05-11 15:37:00,873 [Worker-17] INFO  o.e.m.c.i.embedder.EclipseLogger - Using 'UTF-8' encoding to copy filtered resources.
2018-05-11 15:37:00,873 [Worker-17] INFO  o.e.m.c.i.embedder.EclipseLogger - skip non existing resourceDirectory C:\backup_Ibrahim_or\CustomProjects\Patterns\Spring_in_eclipse_2\productservices\src\test\resources
2018-05-11 15:37:46,158 [Worker-3] INFO  o.e.m.c.i.l.LifecycleMappingFactory - Using org.eclipse.m2e.jdt.JarLifecycleMapping lifecycle mapping for MavenProject: com.ibrahim.product:productservices:0.0.1-SNAPSHOT @ C:\backup_Ibrahim_or\CustomProjects\Patterns\Spring_in_eclipse_2\productservices\pom.xml.
2018-05-11 15:37:46,342 [Worker-3] INFO  o.e.m.c.i.embedder.EclipseLogger - Using 'UTF-8' encoding to copy filtered resources.
2018-05-11 15:37:46,342 [Worker-3] INFO  o.e.m.c.i.embedder.EclipseLogger - skip non existing resourceDirectory C:\backup_Ibrahim_or\CustomProjects\Patterns\Spring_in_eclipse_2\productservices\src\main\resources
2018-05-11 15:37:46,343 [Worker-3] INFO  o.e.m.c.i.embedder.EclipseLogger - Using 'UTF-8' encoding to copy filtered resources.
2018-05-11 15:37:46,344 [Worker-3] INFO  o.e.m.c.i.embedder.EclipseLogger - skip non existing resourceDirectory C:\backup_Ibrahim_or\CustomProjects\Patterns\Spring_in_eclipse_2\productservices\src\test\resources
2018-05-11 15:37:56,164 [Worker-16] ERROR o.e.m2e.editor.pom.MavenPomEditor - failed to load maven project for org.eclipse.ui.part.FileEditorInput(/productservices/pom.xml)
org.eclipse.core.runtime.CoreException: Could not read maven project
	at org.eclipse.m2e.core.internal.project.registry.ProjectRegistryManager.readProjectWithDependencies(ProjectRegistryManager.java:804) ~[na:na]
	at org.eclipse.m2e.core.internal.project.registry.ProjectRegistryManager$6.call(ProjectRegistryManager.java:1010) ~[na:na]
	at org.eclipse.m2e.core.internal.project.registry.ProjectRegistryManager$6.call(ProjectRegistryManager.java:1) ~[na:na]
	at com.google.common.cache.LocalCache$LocalManualCache$1.load(LocalCache.java:5065) ~[na:na]
	at com.google.common.cache.LocalCache$LoadingValueReference.loadFuture(LocalCache.java:3716) ~[na:na]
	at com.google.common.cache.LocalCache$Segment.loadSync(LocalCache.java:2424) ~[na:na]
	at com.google.common.cache.LocalCache$Segment.lockedGetOrLoad(LocalCache.java:2298) ~[na:na]
	at com.google.common.cache.LocalCache$Segment.get(LocalCache.java:2211) ~[na:na]
	at com.google.common.cache.LocalCache.get(LocalCache.java:4154) ~[na:na]
	at com.google.common.cache.LocalCache$LocalManualCache.get(LocalCache.java:5060) ~[na:na]
	at org.eclipse.m2e.core.internal.project.registry.ProjectRegistryManager.getMavenProject(ProjectRegistryManager.java:1008) ~[na:na]
	at org.eclipse.m2e.core.internal.project.registry.MavenProjectFacade.getMavenProject(MavenProjectFacade.java:242) ~[na:na]
	at org.eclipse.m2e.core.ui.internal.actions.SelectionUtil.getMavenProject(SelectionUtil.java:261) ~[org.eclipse.m2e.core.ui_1.8.2.20171007-0217.jar:na]
	at org.eclipse.m2e.editor.pom.MavenPomEditor.readMavenProject(MavenPomEditor.java:742) ~[na:na]
	at org.eclipse.m2e.editor.pom.MavenPomEditor$5.run(MavenPomEditor.java:1077) ~[na:na]
	at org.eclipse.core.internal.jobs.Worker.run(Worker.java:56) [org.eclipse.core.jobs_3.9.1.v20170714-0547.jar:na]
2018-05-11 15:37:56,307 [Worker-16] ERROR o.e.m.c.i.p.r.ProjectRegistryManager - Could not read pom.xml
org.eclipse.core.runtime.CoreException: Could not read pom.xml
	at org.eclipse.m2e.core.internal.embedder.MavenImpl.readModel(MavenImpl.java:565) ~[org.eclipse.m2e.core_1.8.2.20171007-0217.jar:na]
	at org.eclipse.m2e.core.internal.embedder.MavenImpl.readModel(MavenImpl.java:574) ~[org.eclipse.m2e.core_1.8.2.20171007-0217.jar:na]
	at org.eclipse.m2e.core.internal.project.registry.ProjectRegistryManager.refreshPhase2(ProjectRegistryManager.java:542) [org.eclipse.m2e.core_1.8.2.20171007-0217.jar:na]
	at org.eclipse.m2e.core.internal.project.registry.ProjectRegistryManager.refresh(ProjectRegistryManager.java:498) [org.eclipse.m2e.core_1.8.2.20171007-0217.jar:na]
	at org.eclipse.m2e.core.internal.project.registry.ProjectRegistryManager.refresh(ProjectRegistryManager.java:351) [org.eclipse.m2e.core_1.8.2.20171007-0217.jar:na]
	at org.eclipse.m2e.core.internal.project.registry.ProjectRegistryManager.refresh(ProjectRegistryManager.java:298) [org.eclipse.m2e.core_1.8.2.20171007-0217.jar:na]
	at org.eclipse.m2e.core.internal.builder.MavenBuilder$BuildMethod.getProjectFacade(MavenBuilder.java:154) [org.eclipse.m2e.core_1.8.2.20171007-0217.jar:na]
	at org.eclipse.m2e.core.internal.builder.MavenBuilder$BuildMethod$1.call(MavenBuilder.java:89) [org.eclipse.m2e.core_1.8.2.20171007-0217.jar:na]
	at org.eclipse.m2e.core.internal.embedder.MavenExecutionContext.executeBare(MavenExecutionContext.java:177) [org.eclipse.m2e.core_1.8.2.20171007-0217.jar:na]
	at org.eclipse.m2e.core.internal.embedder.MavenExecutionContext.execute(MavenExecutionContext.java:151) [org.eclipse.m2e.core_1.8.2.20171007-0217.jar:na]
	at org.eclipse.m2e.core.internal.embedder.MavenExecutionContext.execute(MavenExecutionContext.java:99) [org.eclipse.m2e.core_1.8.2.20171007-0217.jar:na]
	at org.eclipse.m2e.core.internal.builder.MavenBuilder$BuildMethod.execute(MavenBuilder.java:86) [org.eclipse.m2e.core_1.8.2.20171007-0217.jar:na]
	at org.eclipse.m2e.core.internal.builder.MavenBuilder.build(MavenBuilder.java:200) [org.eclipse.m2e.core_1.8.2.20171007-0217.jar:na]
	at org.eclipse.core.internal.events.BuildManager$2.run(BuildManager.java:735) [org.eclipse.core.resources_3.12.0.v20170417-1558.jar:na]
	at org.eclipse.core.runtime.SafeRunner.run(SafeRunner.java:42) [org.eclipse.equinox.common_3.9.0.v20170207-1454.jar:na]
	at org.eclipse.core.internal.events.BuildManager.basicBuild(BuildManager.java:206) [org.eclipse.core.resources_3.12.0.v20170417-1558.jar:na]
	at org.eclipse.core.internal.events.BuildManager.basicBuild(BuildManager.java:246) [org.eclipse.core.resources_3.12.0.v20170417-1558.jar:na]
	at org.eclipse.core.internal.events.BuildManager$1.run(BuildManager.java:301) [org.eclipse.core.resources_3.12.0.v20170417-1558.jar:na]
	at org.eclipse.core.runtime.SafeRunner.run(SafeRunner.java:42) [org.eclipse.equinox.common_3.9.0.v20170207-1454.jar:na]
	at org.eclipse.core.internal.events.BuildManager.basicBuild(BuildManager.java:304) [org.eclipse.core.resources_3.12.0.v20170417-1558.jar:na]
	at org.eclipse.core.internal.events.BuildManager.basicBuildLoop(BuildManager.java:360) [org.eclipse.core.resources_3.12.0.v20170417-1558.jar:na]
	at org.eclipse.core.internal.events.BuildManager.build(BuildManager.java:383) [org.eclipse.core.resources_3.12.0.v20170417-1558.jar:na]
	at org.eclipse.core.internal.events.AutoBuildJob.doBuild(AutoBuildJob.java:142) [org.eclipse.core.resources_3.12.0.v20170417-1558.jar:na]
	at org.eclipse.core.internal.events.AutoBuildJob.run(AutoBuildJob.java:232) [org.eclipse.core.resources_3.12.0.v20170417-1558.jar:na]
	at org.eclipse.core.internal.jobs.Worker.run(Worker.java:56) [org.eclipse.core.jobs_3.9.1.v20170714-0547.jar:na]
Caused by: org.apache.maven.model.io.ModelParseException: end tag name </build> must match start tag name <plugins> from line 26 (position: TEXT seen ...</plugin>\r\n  </build>... @36:11) 
	at org.apache.maven.model.io.DefaultModelReader.read(DefaultModelReader.java:122) ~[maven-model-builder-3.3.9.jar:3.3.9]
	at org.apache.maven.model.io.DefaultModelReader.read(DefaultModelReader.java:86) ~[maven-model-builder-3.3.9.jar:3.3.9]
	at org.eclipse.m2e.core.internal.embedder.MavenImpl.readModel(MavenImpl.java:563) ~[org.eclipse.m2e.core_1.8.2.20171007-0217.jar:na]
	... 24 common frames omitted
Caused by: org.codehaus.plexus.util.xml.pull.XmlPullParserException: end tag name </build> must match start tag name <plugins> from line 26 (position: TEXT seen ...</plugin>\r\n  </build>... @36:11) 
	at org.codehaus.plexus.util.xml.pull.MXParser.parseEndTag(MXParser.java:1727) ~[plexus-utils-3.0.22.jar:na]
	at org.codehaus.plexus.util.xml.pull.MXParser.nextImpl(MXParser.java:1169) ~[plexus-utils-3.0.22.jar:na]
	at org.codehaus.plexus.util.xml.pull.MXParser.next(MXParser.java:1131) ~[plexus-utils-3.0.22.jar:na]
	at org.codehaus.plexus.util.xml.pull.MXParser.nextTag(MXParser.java:1118) ~[plexus-utils-3.0.22.jar:na]
	at org.apache.maven.model.io.xpp3.MavenXpp3Reader.parseBuild(MavenXpp3Reader.java:984) ~[maven-model-3.3.9.jar:3.3.9]
	at org.apache.maven.model.io.xpp3.MavenXpp3Reader.parseModel(MavenXpp3Reader.java:2277) ~[maven-model-3.3.9.jar:3.3.9]
	at org.apache.maven.model.io.xpp3.MavenXpp3Reader.read(MavenXpp3Reader.java:3845) ~[maven-model-3.3.9.jar:3.3.9]
	at org.apache.maven.model.io.xpp3.MavenXpp3Reader.read(MavenXpp3Reader.java:595) ~[maven-model-3.3.9.jar:3.3.9]
	at org.apache.maven.model.io.DefaultModelReader.read(DefaultModelReader.java:117) ~[maven-model-builder-3.3.9.jar:3.3.9]
	... 26 common frames omitted
2018-05-11 15:37:57,538 [Worker-16] ERROR o.e.m.c.i.p.r.ProjectRegistryManager - Could not read pom.xml
org.eclipse.core.runtime.CoreException: Could not read pom.xml
	at org.eclipse.m2e.core.internal.embedder.MavenImpl.readModel(MavenImpl.java:565) ~[org.eclipse.m2e.core_1.8.2.20171007-0217.jar:na]
	at org.eclipse.m2e.core.internal.embedder.MavenImpl.readModel(MavenImpl.java:574) ~[org.eclipse.m2e.core_1.8.2.20171007-0217.jar:na]
	at org.eclipse.m2e.core.internal.project.registry.ProjectRegistryManager.refreshPhase2(ProjectRegistryManager.java:542) [org.eclipse.m2e.core_1.8.2.20171007-0217.jar:na]
	at org.eclipse.m2e.core.internal.project.registry.ProjectRegistryManager.refresh(ProjectRegistryManager.java:498) [org.eclipse.m2e.core_1.8.2.20171007-0217.jar:na]
	at org.eclipse.m2e.core.internal.project.registry.ProjectRegistryManager.refresh(ProjectRegistryManager.java:351) [org.eclipse.m2e.core_1.8.2.20171007-0217.jar:na]
	at org.eclipse.m2e.core.internal.project.registry.ProjectRegistryManager.refresh(ProjectRegistryManager.java:298) [org.eclipse.m2e.core_1.8.2.20171007-0217.jar:na]
	at org.eclipse.m2e.core.internal.builder.MavenBuilder$BuildMethod.getProjectFacade(MavenBuilder.java:154) [org.eclipse.m2e.core_1.8.2.20171007-0217.jar:na]
	at org.eclipse.m2e.core.internal.builder.MavenBuilder$BuildMethod$1.call(MavenBuilder.java:89) [org.eclipse.m2e.core_1.8.2.20171007-0217.jar:na]
	at org.eclipse.m2e.core.internal.embedder.MavenExecutionContext.executeBare(MavenExecutionContext.java:177) [org.eclipse.m2e.core_1.8.2.20171007-0217.jar:na]
	at org.eclipse.m2e.core.internal.embedder.MavenExecutionContext.execute(MavenExecutionContext.java:151) [org.eclipse.m2e.core_1.8.2.20171007-0217.jar:na]
	at org.eclipse.m2e.core.internal.embedder.MavenExecutionContext.execute(MavenExecutionContext.java:99) [org.eclipse.m2e.core_1.8.2.20171007-0217.jar:na]
	at org.eclipse.m2e.core.internal.builder.MavenBuilder$BuildMethod.execute(MavenBuilder.java:86) [org.eclipse.m2e.core_1.8.2.20171007-0217.jar:na]
	at org.eclipse.m2e.core.internal.builder.MavenBuilder.build(MavenBuilder.java:200) [org.eclipse.m2e.core_1.8.2.20171007-0217.jar:na]
	at org.eclipse.core.internal.events.BuildManager$2.run(BuildManager.java:735) [org.eclipse.core.resources_3.12.0.v20170417-1558.jar:na]
	at org.eclipse.core.runtime.SafeRunner.run(SafeRunner.java:42) [org.eclipse.equinox.common_3.9.0.v20170207-1454.jar:na]
	at org.eclipse.core.internal.events.BuildManager.basicBuild(BuildManager.java:206) [org.eclipse.core.resources_3.12.0.v20170417-1558.jar:na]
	at org.eclipse.core.internal.events.BuildManager.basicBuild(BuildManager.java:246) [org.eclipse.core.resources_3.12.0.v20170417-1558.jar:na]
	at org.eclipse.core.internal.events.BuildManager$1.run(BuildManager.java:301) [org.eclipse.core.resources_3.12.0.v20170417-1558.jar:na]
	at org.eclipse.core.runtime.SafeRunner.run(SafeRunner.java:42) [org.eclipse.equinox.common_3.9.0.v20170207-1454.jar:na]
	at org.eclipse.core.internal.events.BuildManager.basicBuild(BuildManager.java:304) [org.eclipse.core.resources_3.12.0.v20170417-1558.jar:na]
	at org.eclipse.core.internal.events.BuildManager.basicBuildLoop(BuildManager.java:360) [org.eclipse.core.resources_3.12.0.v20170417-1558.jar:na]
	at org.eclipse.core.internal.events.BuildManager.build(BuildManager.java:383) [org.eclipse.core.resources_3.12.0.v20170417-1558.jar:na]
	at org.eclipse.core.internal.events.AutoBuildJob.doBuild(AutoBuildJob.java:142) [org.eclipse.core.resources_3.12.0.v20170417-1558.jar:na]
	at org.eclipse.core.internal.events.AutoBuildJob.run(AutoBuildJob.java:232) [org.eclipse.core.resources_3.12.0.v20170417-1558.jar:na]
	at org.eclipse.core.internal.jobs.Worker.run(Worker.java:56) [org.eclipse.core.jobs_3.9.1.v20170714-0547.jar:na]
Caused by: org.apache.maven.model.io.ModelParseException: end tag name </build> must match start tag name <plugins> from line 26 (position: TEXT seen ...</plugin>\r\n  </build>... @36:11) 
	at org.apache.maven.model.io.DefaultModelReader.read(DefaultModelReader.java:122) ~[maven-model-builder-3.3.9.jar:3.3.9]
	at org.apache.maven.model.io.DefaultModelReader.read(DefaultModelReader.java:86) ~[maven-model-builder-3.3.9.jar:3.3.9]
	at org.eclipse.m2e.core.internal.embedder.MavenImpl.readModel(MavenImpl.java:563) ~[org.eclipse.m2e.core_1.8.2.20171007-0217.jar:na]
	... 24 common frames omitted
Caused by: org.codehaus.plexus.util.xml.pull.XmlPullParserException: end tag name </build> must match start tag name <plugins> from line 26 (position: TEXT seen ...</plugin>\r\n  </build>... @36:11) 
	at org.codehaus.plexus.util.xml.pull.MXParser.parseEndTag(MXParser.java:1727) ~[plexus-utils-3.0.22.jar:na]
	at org.codehaus.plexus.util.xml.pull.MXParser.nextImpl(MXParser.java:1169) ~[plexus-utils-3.0.22.jar:na]
	at org.codehaus.plexus.util.xml.pull.MXParser.next(MXParser.java:1131) ~[plexus-utils-3.0.22.jar:na]
	at org.codehaus.plexus.util.xml.pull.MXParser.nextTag(MXParser.java:1118) ~[plexus-utils-3.0.22.jar:na]
	at org.apache.maven.model.io.xpp3.MavenXpp3Reader.parseBuild(MavenXpp3Reader.java:984) ~[maven-model-3.3.9.jar:3.3.9]
	at org.apache.maven.model.io.xpp3.MavenXpp3Reader.parseModel(MavenXpp3Reader.java:2277) ~[maven-model-3.3.9.jar:3.3.9]
	at org.apache.maven.model.io.xpp3.MavenXpp3Reader.read(MavenXpp3Reader.java:3845) ~[maven-model-3.3.9.jar:3.3.9]
	at org.apache.maven.model.io.xpp3.MavenXpp3Reader.read(MavenXpp3Reader.java:595) ~[maven-model-3.3.9.jar:3.3.9]
	at org.apache.maven.model.io.DefaultModelReader.read(DefaultModelReader.java:117) ~[maven-model-builder-3.3.9.jar:3.3.9]
	... 26 common frames omitted
2018-05-11 15:38:02,809 [Worker-16] INFO  o.e.m.c.i.l.LifecycleMappingFactory - Using org.eclipse.m2e.jdt.JarLifecycleMapping lifecycle mapping for MavenProject: com.ibrahim.product:productservices:0.0.1-SNAPSHOT @ C:\backup_Ibrahim_or\CustomProjects\Patterns\Spring_in_eclipse_2\productservices\pom.xml.
2018-05-11 15:38:03,226 [Worker-16] INFO  o.e.m.c.i.embedder.EclipseLogger - Using 'UTF-8' encoding to copy filtered resources.
2018-05-11 15:38:03,226 [Worker-16] INFO  o.e.m.c.i.embedder.EclipseLogger - skip non existing resourceDirectory C:\backup_Ibrahim_or\CustomProjects\Patterns\Spring_in_eclipse_2\productservices\src\main\resources
2018-05-11 15:38:03,227 [Worker-16] INFO  o.e.m.c.i.embedder.EclipseLogger - Using 'UTF-8' encoding to copy filtered resources.
2018-05-11 15:38:03,227 [Worker-16] INFO  o.e.m.c.i.embedder.EclipseLogger - skip non existing resourceDirectory C:\backup_Ibrahim_or\CustomProjects\Patterns\Spring_in_eclipse_2\productservices\src\test\resources
2018-05-11 15:38:04,340 [Worker-15] INFO  o.e.m.c.i.embedder.EclipseLogger - Using 'UTF-8' encoding to copy filtered resources.
2018-05-11 15:38:04,340 [Worker-15] INFO  o.e.m.c.i.embedder.EclipseLogger - skip non existing resourceDirectory C:\backup_Ibrahim_or\CustomProjects\Patterns\Spring_in_eclipse_2\productservices\src\main\resources
2018-05-11 15:38:04,341 [Worker-15] INFO  o.e.m.c.i.embedder.EclipseLogger - Using 'UTF-8' encoding to copy filtered resources.
2018-05-11 15:38:04,342 [Worker-15] INFO  o.e.m.c.i.embedder.EclipseLogger - skip non existing resourceDirectory C:\backup_Ibrahim_or\CustomProjects\Patterns\Spring_in_eclipse_2\productservices\src\test\resources
2018-05-11 15:39:21,037 [Worker-3] INFO  o.e.m.c.i.embedder.EclipseLogger - Using 'UTF-8' encoding to copy filtered resources.
2018-05-11 15:39:21,037 [Worker-3] INFO  o.e.m.c.i.embedder.EclipseLogger - skip non existing resourceDirectory C:\backup_Ibrahim_or\CustomProjects\Patterns\Spring_in_eclipse_2\productservices\src\main\resources
2018-05-11 15:39:21,038 [Worker-3] INFO  o.e.m.c.i.embedder.EclipseLogger - Using 'UTF-8' encoding to copy filtered resources.
2018-05-11 15:39:21,038 [Worker-3] INFO  o.e.m.c.i.embedder.EclipseLogger - skip non existing resourceDirectory C:\backup_Ibrahim_or\CustomProjects\Patterns\Spring_in_eclipse_2\productservices\src\test\resources
2018-05-11 15:40:19,995 [Worker-3] INFO  o.e.m.c.i.embedder.EclipseLogger - Using 'UTF-8' encoding to copy filtered resources.
2018-05-11 15:40:19,995 [Worker-3] INFO  o.e.m.c.i.embedder.EclipseLogger - skip non existing resourceDirectory C:\backup_Ibrahim_or\CustomProjects\Patterns\Spring_in_eclipse_2\productservices\src\main\resources
2018-05-11 15:40:19,996 [Worker-3] INFO  o.e.m.c.i.embedder.EclipseLogger - Using 'UTF-8' encoding to copy filtered resources.
2018-05-11 15:40:19,996 [Worker-3] INFO  o.e.m.c.i.embedder.EclipseLogger - skip non existing resourceDirectory C:\backup_Ibrahim_or\CustomProjects\Patterns\Spring_in_eclipse_2\productservices\src\test\resources
2018-05-11 15:46:17,083 [Worker-23] INFO  o.e.m.c.i.embedder.EclipseLogger - Using 'UTF-8' encoding to copy filtered resources.
2018-05-11 15:46:17,083 [Worker-23] INFO  o.e.m.c.i.embedder.EclipseLogger - skip non existing resourceDirectory C:\backup_Ibrahim_or\CustomProjects\Patterns\Spring_in_eclipse_2\productservices\src\main\resources
2018-05-11 15:46:17,084 [Worker-23] INFO  o.e.m.c.i.embedder.EclipseLogger - Using 'UTF-8' encoding to copy filtered resources.
2018-05-11 15:46:17,085 [Worker-23] INFO  o.e.m.c.i.embedder.EclipseLogger - skip non existing resourceDirectory C:\backup_Ibrahim_or\CustomProjects\Patterns\Spring_in_eclipse_2\productservices\src\test\resources
2018-05-11 15:46:54,081 [Worker-2] INFO  o.e.m.c.i.embedder.EclipseLogger - Using 'UTF-8' encoding to copy filtered resources.
2018-05-11 15:46:54,082 [Worker-2] INFO  o.e.m.c.i.embedder.EclipseLogger - skip non existing resourceDirectory C:\backup_Ibrahim_or\CustomProjects\Patterns\Spring_in_eclipse_2\productservices\src\main\resources
2018-05-11 15:46:54,083 [Worker-2] INFO  o.e.m.c.i.embedder.EclipseLogger - Using 'UTF-8' encoding to copy filtered resources.
2018-05-11 15:46:54,084 [Worker-2] INFO  o.e.m.c.i.embedder.EclipseLogger - skip non existing resourceDirectory C:\backup_Ibrahim_or\CustomProjects\Patterns\Spring_in_eclipse_2\productservices\src\test\resources
2018-05-11 15:48:11,833 [Worker-16] INFO  o.e.m.c.i.embedder.EclipseLogger - Using 'UTF-8' encoding to copy filtered resources.
2018-05-11 15:48:11,834 [Worker-16] INFO  o.e.m.c.i.embedder.EclipseLogger - skip non existing resourceDirectory C:\backup_Ibrahim_or\CustomProjects\Patterns\Spring_in_eclipse_2\productservices\src\main\resources
2018-05-11 15:48:11,834 [Worker-16] INFO  o.e.m.c.i.embedder.EclipseLogger - Using 'UTF-8' encoding to copy filtered resources.
2018-05-11 15:48:11,835 [Worker-16] INFO  o.e.m.c.i.embedder.EclipseLogger - skip non existing resourceDirectory C:\backup_Ibrahim_or\CustomProjects\Patterns\Spring_in_eclipse_2\productservices\src\test\resources
2018-05-11 15:49:21,596 [Worker-22] INFO  o.e.m.c.i.embedder.EclipseLogger - Using 'UTF-8' encoding to copy filtered resources.
2018-05-11 15:49:21,596 [Worker-22] INFO  o.e.m.c.i.embedder.EclipseLogger - skip non existing resourceDirectory C:\backup_Ibrahim_or\CustomProjects\Patterns\Spring_in_eclipse_2\productservices\src\main\resources
2018-05-11 15:49:21,599 [Worker-22] INFO  o.e.m.c.i.embedder.EclipseLogger - Using 'UTF-8' encoding to copy filtered resources.
2018-05-11 15:49:21,599 [Worker-22] INFO  o.e.m.c.i.embedder.EclipseLogger - skip non existing resourceDirectory C:\backup_Ibrahim_or\CustomProjects\Patterns\Spring_in_eclipse_2\productservices\src\test\resources
2018-05-11 15:54:01,181 [Worker-23] INFO  o.e.m.c.i.embedder.EclipseLogger - Using 'UTF-8' encoding to copy filtered resources.
2018-05-11 15:54:01,181 [Worker-23] INFO  o.e.m.c.i.embedder.EclipseLogger - skip non existing resourceDirectory C:\backup_Ibrahim_or\CustomProjects\Patterns\Spring_in_eclipse_2\productservices\src\main\resources
2018-05-11 15:54:01,182 [Worker-23] INFO  o.e.m.c.i.embedder.EclipseLogger - Using 'UTF-8' encoding to copy filtered resources.
2018-05-11 15:54:01,182 [Worker-23] INFO  o.e.m.c.i.embedder.EclipseLogger - skip non existing resourceDirectory C:\backup_Ibrahim_or\CustomProjects\Patterns\Spring_in_eclipse_2\productservices\src\test\resources
2018-05-11 15:54:49,632 [Worker-24] INFO  o.e.m.c.i.embedder.EclipseLogger - Using 'UTF-8' encoding to copy filtered resources.
2018-05-11 15:54:49,632 [Worker-24] INFO  o.e.m.c.i.embedder.EclipseLogger - skip non existing resourceDirectory C:\backup_Ibrahim_or\CustomProjects\Patterns\Spring_in_eclipse_2\productservices\src\main\resources
2018-05-11 15:54:49,632 [Worker-24] INFO  o.e.m.c.i.embedder.EclipseLogger - Using 'UTF-8' encoding to copy filtered resources.
2018-05-11 15:54:49,632 [Worker-24] INFO  o.e.m.c.i.embedder.EclipseLogger - skip non existing resourceDirectory C:\backup_Ibrahim_or\CustomProjects\Patterns\Spring_in_eclipse_2\productservices\src\test\resources
2018-05-14 15:15:00,723 [Worker-715] INFO  o.e.m.c.i.l.LifecycleMappingFactory - Using org.eclipse.m2e.jdt.JarLifecycleMapping lifecycle mapping for MavenProject: com.ibrahim.product:productservices:0.0.1-SNAPSHOT @ C:\backup_Ibrahim_or\CustomProjects\Patterns\Spring_in_eclipse_2\productservices\pom.xml.
2018-05-14 15:15:01,116 [Worker-715] INFO  o.e.m.c.i.e.AbstractTransferListenerAdapter - Downloading https://repo.maven.apache.org/maven2/junit/junit/4.4/junit-4.4.pom
2018-05-14 15:15:01,180 [Worker-715] INFO  o.e.m.c.i.e.AbstractTransferListenerAdapter - Downloaded https://repo.maven.apache.org/maven2/junit/junit/4.4/junit-4.4.pom
2018-05-14 15:15:01,265 [Worker-715] INFO  o.e.m.c.i.e.AbstractTransferListenerAdapter - Downloading https://repo.maven.apache.org/maven2/junit/junit/4.4/junit-4.4.jar
2018-05-14 15:15:02,393 [Worker-715] INFO  o.e.m.c.i.e.AbstractTransferListenerAdapter - Downloaded https://repo.maven.apache.org/maven2/junit/junit/4.4/junit-4.4.jar
2018-05-14 15:15:02,827 [Worker-715] INFO  o.e.m.c.i.embedder.EclipseLogger - Using 'UTF-8' encoding to copy filtered resources.
2018-05-14 15:15:02,827 [Worker-715] INFO  o.e.m.c.i.embedder.EclipseLogger - skip non existing resourceDirectory C:\backup_Ibrahim_or\CustomProjects\Patterns\Spring_in_eclipse_2\productservices\src\main\resources
2018-05-14 15:15:02,828 [Worker-715] INFO  o.e.m.c.i.embedder.EclipseLogger - Using 'UTF-8' encoding to copy filtered resources.
2018-05-14 15:15:02,828 [Worker-715] INFO  o.e.m.c.i.embedder.EclipseLogger - skip non existing resourceDirectory C:\backup_Ibrahim_or\CustomProjects\Patterns\Spring_in_eclipse_2\productservices\src\test\resources
2018-05-14 15:15:04,284 [Worker-718] INFO  o.e.m.c.i.embedder.EclipseLogger - Using 'UTF-8' encoding to copy filtered resources.
2018-05-14 15:15:04,284 [Worker-718] INFO  o.e.m.c.i.embedder.EclipseLogger - skip non existing resourceDirectory C:\backup_Ibrahim_or\CustomProjects\Patterns\Spring_in_eclipse_2\productservices\src\main\resources
2018-05-14 15:15:04,286 [Worker-718] INFO  o.e.m.c.i.embedder.EclipseLogger - Using 'UTF-8' encoding to copy filtered resources.
2018-05-14 15:15:04,286 [Worker-718] INFO  o.e.m.c.i.embedder.EclipseLogger - skip non existing resourceDirectory C:\backup_Ibrahim_or\CustomProjects\Patterns\Spring_in_eclipse_2\productservices\src\test\resources
2018-05-14 15:15:06,166 [Worker-712] INFO  o.e.m.c.i.l.LifecycleMappingFactory - Using org.eclipse.m2e.jdt.JarLifecycleMapping lifecycle mapping for MavenProject: com.ibrahim.product:productservices:0.0.1-SNAPSHOT @ C:\backup_Ibrahim_or\CustomProjects\Patterns\Spring_in_eclipse_2\productservices\pom.xml.
2018-05-14 15:15:06,366 [Worker-712] INFO  o.e.m.c.i.embedder.EclipseLogger - Using 'UTF-8' encoding to copy filtered resources.
2018-05-14 15:15:06,367 [Worker-712] INFO  o.e.m.c.i.embedder.EclipseLogger - skip non existing resourceDirectory C:\backup_Ibrahim_or\CustomProjects\Patterns\Spring_in_eclipse_2\productservices\src\main\resources
2018-05-14 15:15:06,368 [Worker-712] INFO  o.e.m.c.i.embedder.EclipseLogger - Using 'UTF-8' encoding to copy filtered resources.
2018-05-14 15:15:06,369 [Worker-712] INFO  o.e.m.c.i.embedder.EclipseLogger - skip non existing resourceDirectory C:\backup_Ibrahim_or\CustomProjects\Patterns\Spring_in_eclipse_2\productservices\src\test\resources
2018-05-14 15:15:10,807 [Worker-715] INFO  o.e.m.c.i.p.ProjectConfigurationManager - Update started
2018-05-14 15:15:11,222 [Worker-715] INFO  o.e.m.c.i.l.LifecycleMappingFactory - Using org.eclipse.m2e.jdt.JarLifecycleMapping lifecycle mapping for MavenProject: com.ibrahim.product:productservices:0.0.1-SNAPSHOT @ C:\backup_Ibrahim_or\CustomProjects\Patterns\Spring_in_eclipse_2\productservices\pom.xml.
2018-05-14 15:15:11,384 [Worker-715] INFO  o.e.m.j.i.AbstractJavaProjectConfigurator - Adding source folder /productservices/src/main/java
2018-05-14 15:15:11,385 [Worker-715] INFO  o.e.m.j.i.AbstractJavaProjectConfigurator - Adding source folder /productservices/src/test/java
2018-05-14 15:15:11,539 [Worker-715] INFO  o.e.m.c.i.p.ProjectConfigurationManager - Update completed: 0 sec
2018-05-14 15:15:11,709 [Worker-719] INFO  o.e.m.c.i.embedder.EclipseLogger - Using 'UTF-8' encoding to copy filtered resources.
2018-05-14 15:15:11,709 [Worker-719] INFO  o.e.m.c.i.embedder.EclipseLogger - skip non existing resourceDirectory C:\backup_Ibrahim_or\CustomProjects\Patterns\Spring_in_eclipse_2\productservices\src\main\resources
2018-05-14 15:15:11,711 [Worker-719] INFO  o.e.m.c.i.embedder.EclipseLogger - Using 'UTF-8' encoding to copy filtered resources.
2018-05-14 15:15:11,711 [Worker-719] INFO  o.e.m.c.i.embedder.EclipseLogger - skip non existing resourceDirectory C:\backup_Ibrahim_or\CustomProjects\Patterns\Spring_in_eclipse_2\productservices\src\test\resources
2018-05-14 15:24:30,975 [Worker-707] INFO  o.e.m.c.i.embedder.EclipseLogger - Using 'UTF-8' encoding to copy filtered resources.
2018-05-14 15:24:30,975 [Worker-707] INFO  o.e.m.c.i.embedder.EclipseLogger - skip non existing resourceDirectory C:\backup_Ibrahim_or\CustomProjects\Patterns\Spring_in_eclipse_2\productservices\src\main\resources
2018-05-14 15:24:30,976 [Worker-707] INFO  o.e.m.c.i.embedder.EclipseLogger - Using 'UTF-8' encoding to copy filtered resources.
2018-05-14 15:24:30,977 [Worker-707] INFO  o.e.m.c.i.embedder.EclipseLogger - skip non existing resourceDirectory C:\backup_Ibrahim_or\CustomProjects\Patterns\Spring_in_eclipse_2\productservices\src\test\resources
2018-05-14 15:27:23,203 [Worker-712] INFO  o.e.m.c.i.embedder.EclipseLogger - Using 'UTF-8' encoding to copy filtered resources.
2018-05-14 15:27:23,203 [Worker-712] INFO  o.e.m.c.i.embedder.EclipseLogger - skip non existing resourceDirectory C:\backup_Ibrahim_or\CustomProjects\Patterns\Spring_in_eclipse_2\productservices\src\main\resources
2018-05-14 15:27:23,204 [Worker-712] INFO  o.e.m.c.i.embedder.EclipseLogger - Using 'UTF-8' encoding to copy filtered resources.
2018-05-14 15:27:23,204 [Worker-712] INFO  o.e.m.c.i.embedder.EclipseLogger - skip non existing resourceDirectory C:\backup_Ibrahim_or\CustomProjects\Patterns\Spring_in_eclipse_2\productservices\src\test\resources
2018-05-14 15:27:32,491 [Worker-707] INFO  o.e.m.c.i.embedder.EclipseLogger - Using 'UTF-8' encoding to copy filtered resources.
2018-05-14 15:27:32,491 [Worker-707] INFO  o.e.m.c.i.embedder.EclipseLogger - skip non existing resourceDirectory C:\backup_Ibrahim_or\CustomProjects\Patterns\Spring_in_eclipse_2\productservices\src\main\resources
2018-05-14 15:27:32,493 [Worker-707] INFO  o.e.m.c.i.embedder.EclipseLogger - Using 'UTF-8' encoding to copy filtered resources.
2018-05-14 15:27:32,493 [Worker-707] INFO  o.e.m.c.i.embedder.EclipseLogger - skip non existing resourceDirectory C:\backup_Ibrahim_or\CustomProjects\Patterns\Spring_in_eclipse_2\productservices\src\test\resources
2018-05-14 15:27:44,468 [Worker-707] INFO  o.e.m.i.launch.MavenLaunchDelegate - C:\backup_Ibrahim_or\CustomProjects\Patterns\Spring_in_eclipse_2\productservices
2018-05-14 15:27:44,468 [Worker-707] INFO  o.e.m.i.launch.MavenLaunchDelegate -  mvn -B install
2018-05-14 15:27:52,007 [Worker-720] INFO  o.e.m.c.i.embedder.EclipseLogger - Using 'UTF-8' encoding to copy filtered resources.
2018-05-14 15:27:52,008 [Worker-720] INFO  o.e.m.c.i.embedder.EclipseLogger - skip non existing resourceDirectory C:\backup_Ibrahim_or\CustomProjects\Patterns\Spring_in_eclipse_2\productservices\src\main\resources
2018-05-14 15:27:52,009 [Worker-720] INFO  o.e.m.c.i.embedder.EclipseLogger - Using 'UTF-8' encoding to copy filtered resources.
2018-05-14 15:27:52,010 [Worker-720] INFO  o.e.m.c.i.embedder.EclipseLogger - skip non existing resourceDirectory C:\backup_Ibrahim_or\CustomProjects\Patterns\Spring_in_eclipse_2\productservices\src\test\resources
2018-05-14 15:28:50,305 [Worker-717] INFO  o.e.m.c.i.embedder.EclipseLogger - Using 'UTF-8' encoding to copy filtered resources.
2018-05-14 15:28:50,305 [Worker-717] INFO  o.e.m.c.i.embedder.EclipseLogger - skip non existing resourceDirectory C:\backup_Ibrahim_or\CustomProjects\Patterns\Spring_in_eclipse_2\productservices\src\main\resources
2018-05-14 15:28:50,306 [Worker-717] INFO  o.e.m.c.i.embedder.EclipseLogger - Using 'UTF-8' encoding to copy filtered resources.
2018-05-14 15:28:50,306 [Worker-717] INFO  o.e.m.c.i.embedder.EclipseLogger - skip non existing resourceDirectory C:\backup_Ibrahim_or\CustomProjects\Patterns\Spring_in_eclipse_2\productservices\src\test\resources
2018-05-14 15:28:54,286 [Worker-723] INFO  o.e.m.i.launch.MavenLaunchDelegate - C:\backup_Ibrahim_or\CustomProjects\Patterns\Spring_in_eclipse_2\productservices
2018-05-14 15:28:54,286 [Worker-723] INFO  o.e.m.i.launch.MavenLaunchDelegate -  mvn -B install
2018-05-14 15:28:58,887 [Worker-707] INFO  o.e.m.c.i.embedder.EclipseLogger - Using 'UTF-8' encoding to copy filtered resources.
2018-05-14 15:28:58,887 [Worker-707] INFO  o.e.m.c.i.embedder.EclipseLogger - skip non existing resourceDirectory C:\backup_Ibrahim_or\CustomProjects\Patterns\Spring_in_eclipse_2\productservices\src\main\resources
2018-05-14 15:28:58,888 [Worker-707] INFO  o.e.m.c.i.embedder.EclipseLogger - Using 'UTF-8' encoding to copy filtered resources.
2018-05-14 15:28:58,888 [Worker-707] INFO  o.e.m.c.i.embedder.EclipseLogger - skip non existing resourceDirectory C:\backup_Ibrahim_or\CustomProjects\Patterns\Spring_in_eclipse_2\productservices\src\test\resources
2018-05-14 15:29:16,334 [Worker-720] INFO  o.e.m.c.i.embedder.EclipseLogger - Using 'UTF-8' encoding to copy filtered resources.
2018-05-14 15:29:16,335 [Worker-720] INFO  o.e.m.c.i.embedder.EclipseLogger - skip non existing resourceDirectory C:\backup_Ibrahim_or\CustomProjects\Patterns\Spring_in_eclipse_2\productservices\src\main\resources
2018-05-14 15:29:16,336 [Worker-720] INFO  o.e.m.c.i.embedder.EclipseLogger - Using 'UTF-8' encoding to copy filtered resources.
2018-05-14 15:29:16,336 [Worker-720] INFO  o.e.m.c.i.embedder.EclipseLogger - skip non existing resourceDirectory C:\backup_Ibrahim_or\CustomProjects\Patterns\Spring_in_eclipse_2\productservices\src\test\resources
2018-05-14 15:29:19,905 [Worker-712] INFO  o.e.m.i.launch.MavenLaunchDelegate - C:\backup_Ibrahim_or\CustomProjects\Patterns\Spring_in_eclipse_2\productservices
2018-05-14 15:29:19,905 [Worker-712] INFO  o.e.m.i.launch.MavenLaunchDelegate -  mvn -B install
2018-05-14 15:29:24,562 [Worker-707] INFO  o.e.m.c.i.embedder.EclipseLogger - Using 'UTF-8' encoding to copy filtered resources.
2018-05-14 15:29:24,563 [Worker-707] INFO  o.e.m.c.i.embedder.EclipseLogger - skip non existing resourceDirectory C:\backup_Ibrahim_or\CustomProjects\Patterns\Spring_in_eclipse_2\productservices\src\main\resources
2018-05-14 15:29:24,563 [Worker-707] INFO  o.e.m.c.i.embedder.EclipseLogger - Using 'UTF-8' encoding to copy filtered resources.
2018-05-14 15:29:24,564 [Worker-707] INFO  o.e.m.c.i.embedder.EclipseLogger - skip non existing resourceDirectory C:\backup_Ibrahim_or\CustomProjects\Patterns\Spring_in_eclipse_2\productservices\src\test\resources
2018-05-14 15:39:40,136 [Worker-725] INFO  o.e.m.c.i.embedder.EclipseLogger - Using 'UTF-8' encoding to copy filtered resources.
2018-05-14 15:39:40,136 [Worker-725] INFO  o.e.m.c.i.embedder.EclipseLogger - skip non existing resourceDirectory C:\backup_Ibrahim_or\CustomProjects\Patterns\Spring_in_eclipse_2\productservices\src\main\resources
2018-05-14 15:39:40,137 [Worker-725] INFO  o.e.m.c.i.embedder.EclipseLogger - Using 'UTF-8' encoding to copy filtered resources.
2018-05-14 15:39:40,137 [Worker-725] INFO  o.e.m.c.i.embedder.EclipseLogger - skip non existing resourceDirectory C:\backup_Ibrahim_or\CustomProjects\Patterns\Spring_in_eclipse_2\productservices\src\test\resources
2018-05-14 15:40:43,253 [Worker-729] INFO  o.e.m.c.i.embedder.EclipseLogger - Using 'UTF-8' encoding to copy filtered resources.
2018-05-14 15:40:43,253 [Worker-729] INFO  o.e.m.c.i.embedder.EclipseLogger - skip non existing resourceDirectory C:\backup_Ibrahim_or\CustomProjects\Patterns\Spring_in_eclipse_2\productservices\src\main\resources
2018-05-14 15:40:43,253 [Worker-729] INFO  o.e.m.c.i.embedder.EclipseLogger - Using 'UTF-8' encoding to copy filtered resources.
2018-05-14 15:40:43,253 [Worker-729] INFO  o.e.m.c.i.embedder.EclipseLogger - skip non existing resourceDirectory C:\backup_Ibrahim_or\CustomProjects\Patterns\Spring_in_eclipse_2\productservices\src\test\resources
2018-05-14 15:41:00,991 [Worker-726] INFO  o.e.m.c.i.embedder.EclipseLogger - Using 'UTF-8' encoding to copy filtered resources.
2018-05-14 15:41:00,991 [Worker-726] INFO  o.e.m.c.i.embedder.EclipseLogger - skip non existing resourceDirectory C:\backup_Ibrahim_or\CustomProjects\Patterns\Spring_in_eclipse_2\productservices\src\main\resources
2018-05-14 15:41:00,992 [Worker-726] INFO  o.e.m.c.i.embedder.EclipseLogger - Using 'UTF-8' encoding to copy filtered resources.
2018-05-14 15:41:00,992 [Worker-726] INFO  o.e.m.c.i.embedder.EclipseLogger - skip non existing resourceDirectory C:\backup_Ibrahim_or\CustomProjects\Patterns\Spring_in_eclipse_2\productservices\src\test\resources
2018-05-14 15:41:20,469 [Worker-712] INFO  o.e.m.c.i.embedder.EclipseLogger - Using 'UTF-8' encoding to copy filtered resources.
2018-05-14 15:41:20,469 [Worker-712] INFO  o.e.m.c.i.embedder.EclipseLogger - skip non existing resourceDirectory C:\backup_Ibrahim_or\CustomProjects\Patterns\Spring_in_eclipse_2\productservices\src\main\resources
2018-05-14 15:41:20,471 [Worker-712] INFO  o.e.m.c.i.embedder.EclipseLogger - Using 'UTF-8' encoding to copy filtered resources.
2018-05-14 15:41:20,471 [Worker-712] INFO  o.e.m.c.i.embedder.EclipseLogger - skip non existing resourceDirectory C:\backup_Ibrahim_or\CustomProjects\Patterns\Spring_in_eclipse_2\productservices\src\test\resources
2018-05-14 15:42:51,608 [Worker-726] INFO  o.e.m.c.i.embedder.EclipseLogger - Using 'UTF-8' encoding to copy filtered resources.
2018-05-14 15:42:51,608 [Worker-726] INFO  o.e.m.c.i.embedder.EclipseLogger - skip non existing resourceDirectory C:\backup_Ibrahim_or\CustomProjects\Patterns\Spring_in_eclipse_2\productservices\src\main\resources
2018-05-14 15:42:51,609 [Worker-726] INFO  o.e.m.c.i.embedder.EclipseLogger - Using 'UTF-8' encoding to copy filtered resources.
2018-05-14 15:42:51,609 [Worker-726] INFO  o.e.m.c.i.embedder.EclipseLogger - skip non existing resourceDirectory C:\backup_Ibrahim_or\CustomProjects\Patterns\Spring_in_eclipse_2\productservices\src\test\resources
2018-05-14 15:50:37,369 [Worker-726] INFO  o.e.m.c.i.l.LifecycleMappingFactory - Using org.eclipse.m2e.jdt.JarLifecycleMapping lifecycle mapping for MavenProject: com.ibrahim.product:productservices:0.0.1-SNAPSHOT @ C:\backup_Ibrahim_or\CustomProjects\Patterns\Spring_in_eclipse_2\productservices\pom.xml.
2018-05-14 15:50:37,728 [Worker-726] INFO  o.e.m.c.i.e.AbstractTransferListenerAdapter - Downloading https://repo.maven.apache.org/maven2/org/springframework/spring-context/4.3.3.RELEASE/spring-context-4.3.3.RELEASE.pom
2018-05-14 15:50:37,796 [Worker-726] INFO  o.e.m.c.i.e.AbstractTransferListenerAdapter - Downloaded https://repo.maven.apache.org/maven2/org/springframework/spring-context/4.3.3.RELEASE/spring-context-4.3.3.RELEASE.pom
2018-05-14 15:50:37,850 [Worker-726] INFO  o.e.m.c.i.e.AbstractTransferListenerAdapter - Downloading https://repo.maven.apache.org/maven2/org/springframework/spring-aop/4.3.3.RELEASE/spring-aop-4.3.3.RELEASE.pom
2018-05-14 15:50:37,934 [Worker-726] INFO  o.e.m.c.i.e.AbstractTransferListenerAdapter - Downloaded https://repo.maven.apache.org/maven2/org/springframework/spring-aop/4.3.3.RELEASE/spring-aop-4.3.3.RELEASE.pom
2018-05-14 15:50:37,991 [Worker-726] INFO  o.e.m.c.i.e.AbstractTransferListenerAdapter - Downloading https://repo.maven.apache.org/maven2/org/springframework/spring-beans/4.3.3.RELEASE/spring-beans-4.3.3.RELEASE.pom
2018-05-14 15:50:38,043 [Worker-726] INFO  o.e.m.c.i.e.AbstractTransferListenerAdapter - Downloaded https://repo.maven.apache.org/maven2/org/springframework/spring-beans/4.3.3.RELEASE/spring-beans-4.3.3.RELEASE.pom
2018-05-14 15:50:38,094 [Worker-726] INFO  o.e.m.c.i.e.AbstractTransferListenerAdapter - Downloading https://repo.maven.apache.org/maven2/org/springframework/spring-core/4.3.3.RELEASE/spring-core-4.3.3.RELEASE.pom
2018-05-14 15:50:38,147 [Worker-726] INFO  o.e.m.c.i.e.AbstractTransferListenerAdapter - Downloaded https://repo.maven.apache.org/maven2/org/springframework/spring-core/4.3.3.RELEASE/spring-core-4.3.3.RELEASE.pom
2018-05-14 15:50:38,217 [Worker-726] INFO  o.e.m.c.i.e.AbstractTransferListenerAdapter - Downloading https://repo.maven.apache.org/maven2/org/springframework/spring-expression/4.3.3.RELEASE/spring-expression-4.3.3.RELEASE.pom
2018-05-14 15:50:38,274 [Worker-726] INFO  o.e.m.c.i.e.AbstractTransferListenerAdapter - Downloaded https://repo.maven.apache.org/maven2/org/springframework/spring-expression/4.3.3.RELEASE/spring-expression-4.3.3.RELEASE.pom
2018-05-14 15:50:38,340 [Worker-726] INFO  o.e.m.c.i.e.AbstractTransferListenerAdapter - Downloading https://repo.maven.apache.org/maven2/org/springframework/spring-context/4.3.3.RELEASE/spring-context-4.3.3.RELEASE.jar
2018-05-14 15:50:42,788 [Worker-726] INFO  o.e.m.c.i.e.AbstractTransferListenerAdapter - Downloaded https://repo.maven.apache.org/maven2/org/springframework/spring-context/4.3.3.RELEASE/spring-context-4.3.3.RELEASE.jar
2018-05-14 15:50:42,853 [Worker-726] INFO  o.e.m.c.i.e.AbstractTransferListenerAdapter - Downloading https://repo.maven.apache.org/maven2/org/springframework/spring-aop/4.3.3.RELEASE/spring-aop-4.3.3.RELEASE.jar
2018-05-14 15:50:43,054 [Worker-726] INFO  o.e.m.c.i.e.AbstractTransferListenerAdapter - Downloaded https://repo.maven.apache.org/maven2/org/springframework/spring-aop/4.3.3.RELEASE/spring-aop-4.3.3.RELEASE.jar
2018-05-14 15:50:43,114 [Worker-726] INFO  o.e.m.c.i.e.AbstractTransferListenerAdapter - Downloading https://repo.maven.apache.org/maven2/org/springframework/spring-beans/4.3.3.RELEASE/spring-beans-4.3.3.RELEASE.jar
2018-05-14 15:50:43,471 [Worker-726] INFO  o.e.m.c.i.e.AbstractTransferListenerAdapter - Downloaded https://repo.maven.apache.org/maven2/org/springframework/spring-beans/4.3.3.RELEASE/spring-beans-4.3.3.RELEASE.jar
2018-05-14 15:50:43,525 [Worker-726] INFO  o.e.m.c.i.e.AbstractTransferListenerAdapter - Downloading https://repo.maven.apache.org/maven2/org/springframework/spring-core/4.3.3.RELEASE/spring-core-4.3.3.RELEASE.jar
2018-05-14 15:50:44,003 [Worker-726] INFO  o.e.m.c.i.e.AbstractTransferListenerAdapter - Downloaded https://repo.maven.apache.org/maven2/org/springframework/spring-core/4.3.3.RELEASE/spring-core-4.3.3.RELEASE.jar
2018-05-14 15:50:44,048 [Worker-726] INFO  o.e.m.c.i.e.AbstractTransferListenerAdapter - Downloading https://repo.maven.apache.org/maven2/org/springframework/spring-expression/4.3.3.RELEASE/spring-expression-4.3.3.RELEASE.jar
2018-05-14 15:50:44,209 [Worker-726] INFO  o.e.m.c.i.e.AbstractTransferListenerAdapter - Downloaded https://repo.maven.apache.org/maven2/org/springframework/spring-expression/4.3.3.RELEASE/spring-expression-4.3.3.RELEASE.jar
2018-05-14 15:50:44,843 [Worker-726] INFO  o.e.m.c.i.embedder.EclipseLogger - Using 'UTF-8' encoding to copy filtered resources.
2018-05-14 15:50:44,843 [Worker-726] INFO  o.e.m.c.i.embedder.EclipseLogger - skip non existing resourceDirectory C:\backup_Ibrahim_or\CustomProjects\Patterns\Spring_in_eclipse_2\productservices\src\main\resources
2018-05-14 15:50:44,845 [Worker-726] INFO  o.e.m.c.i.embedder.EclipseLogger - Using 'UTF-8' encoding to copy filtered resources.
2018-05-14 15:50:44,845 [Worker-726] INFO  o.e.m.c.i.embedder.EclipseLogger - skip non existing resourceDirectory C:\backup_Ibrahim_or\CustomProjects\Patterns\Spring_in_eclipse_2\productservices\src\test\resources
2018-05-14 15:50:46,367 [Worker-730] INFO  o.e.m.c.i.embedder.EclipseLogger - Using 'UTF-8' encoding to copy filtered resources.
2018-05-14 15:50:46,367 [Worker-730] INFO  o.e.m.c.i.embedder.EclipseLogger - skip non existing resourceDirectory C:\backup_Ibrahim_or\CustomProjects\Patterns\Spring_in_eclipse_2\productservices\src\main\resources
2018-05-14 15:50:46,368 [Worker-730] INFO  o.e.m.c.i.embedder.EclipseLogger - Using 'UTF-8' encoding to copy filtered resources.
2018-05-14 15:50:46,368 [Worker-730] INFO  o.e.m.c.i.embedder.EclipseLogger - skip non existing resourceDirectory C:\backup_Ibrahim_or\CustomProjects\Patterns\Spring_in_eclipse_2\productservices\src\test\resources
2018-05-14 15:53:57,977 [Worker-728] INFO  o.e.m.c.i.p.ProjectConfigurationManager - Update started
2018-05-14 15:53:58,639 [Worker-728] INFO  o.e.m.c.i.l.LifecycleMappingFactory - Using org.eclipse.m2e.jdt.JarLifecycleMapping lifecycle mapping for MavenProject: com.ibrahim.product:productservices:0.0.1-SNAPSHOT @ C:\backup_Ibrahim_or\CustomProjects\Patterns\Spring_in_eclipse_2\productservices\pom.xml.
2018-05-14 15:53:58,871 [Worker-728] INFO  o.e.m.j.i.AbstractJavaProjectConfigurator - Adding source folder /productservices/src/main/java
2018-05-14 15:53:58,872 [Worker-728] INFO  o.e.m.j.i.AbstractJavaProjectConfigurator - Adding resource folder /productservices/src/main/resources
2018-05-14 15:53:58,884 [Worker-728] INFO  o.e.m.j.i.AbstractJavaProjectConfigurator - Adding source folder /productservices/src/test/java
2018-05-14 15:53:59,058 [Worker-728] INFO  o.e.m.c.i.p.ProjectConfigurationManager - Update completed: 1 sec
2018-05-14 15:53:59,253 [Worker-728] INFO  o.e.m.c.i.embedder.EclipseLogger - Using 'UTF-8' encoding to copy filtered resources.
2018-05-14 15:53:59,257 [Worker-728] INFO  o.e.m.c.i.embedder.EclipseLogger - Copying 0 resource
2018-05-14 15:53:59,258 [Worker-728] INFO  o.e.m.c.i.embedder.EclipseLogger - Using 'UTF-8' encoding to copy filtered resources.
2018-05-14 15:53:59,258 [Worker-728] INFO  o.e.m.c.i.embedder.EclipseLogger - skip non existing resourceDirectory C:\backup_Ibrahim_or\CustomProjects\Patterns\Spring_in_eclipse_2\productservices\src\test\resources
2018-05-14 15:54:41,788 [Worker-732] INFO  o.e.m.c.i.embedder.EclipseLogger - Using 'UTF-8' encoding to copy filtered resources.
2018-05-14 15:54:41,793 [Worker-732] INFO  o.e.m.c.i.embedder.EclipseLogger - Copying 1 resource
2018-05-14 15:54:41,804 [Worker-732] INFO  o.e.m.c.i.embedder.EclipseLogger - Using 'UTF-8' encoding to copy filtered resources.
2018-05-14 15:54:41,804 [Worker-732] INFO  o.e.m.c.i.embedder.EclipseLogger - skip non existing resourceDirectory C:\backup_Ibrahim_or\CustomProjects\Patterns\Spring_in_eclipse_2\productservices\src\test\resources
2018-05-14 15:54:49,184 [Worker-731] INFO  o.e.m.c.i.embedder.EclipseLogger - Using 'UTF-8' encoding to copy filtered resources.
2018-05-14 15:54:49,184 [Worker-731] INFO  o.e.m.c.i.embedder.EclipseLogger - Copying 1 resource
2018-05-14 15:54:49,187 [Worker-731] INFO  o.e.m.c.i.embedder.EclipseLogger - Using 'UTF-8' encoding to copy filtered resources.
2018-05-14 15:54:49,187 [Worker-731] INFO  o.e.m.c.i.embedder.EclipseLogger - skip non existing resourceDirectory C:\backup_Ibrahim_or\CustomProjects\Patterns\Spring_in_eclipse_2\productservices\src\test\resources
2018-05-15 15:06:17,903 [Worker-0] INFO  c.g.t.t.d.PublishedGradleVersions - Gradle version information cache is up-to-date. Trying to read.
2018-05-15 15:09:48,165 [Worker-12] INFO  o.e.m.i.launch.MavenLaunchDelegate - C:\backup_Ibrahim_or\CustomProjects\Patterns\Spring_in_eclipse_2\productservices
2018-05-15 15:09:48,167 [Worker-12] INFO  o.e.m.i.launch.MavenLaunchDelegate -  mvn -B install
2018-05-15 15:09:54,478 [Worker-0] INFO  o.e.m.c.i.embedder.EclipseLogger - Using 'UTF-8' encoding to copy filtered resources.
2018-05-15 15:09:54,481 [Worker-0] INFO  o.e.m.c.i.embedder.EclipseLogger - Copying 1 resource
2018-05-15 15:09:54,487 [Worker-0] INFO  o.e.m.c.i.embedder.EclipseLogger - Using 'UTF-8' encoding to copy filtered resources.
2018-05-15 15:09:54,487 [Worker-0] INFO  o.e.m.c.i.embedder.EclipseLogger - skip non existing resourceDirectory C:\backup_Ibrahim_or\CustomProjects\Patterns\Spring_in_eclipse_2\productservices\src\test\resources
2018-05-15 15:23:27,781 [Worker-2] INFO  o.e.m.c.i.embedder.EclipseLogger - Using 'UTF-8' encoding to copy filtered resources.
2018-05-15 15:23:27,788 [Worker-2] INFO  o.e.m.c.i.embedder.EclipseLogger - Copying 1 resource
2018-05-15 15:23:27,793 [Worker-2] INFO  o.e.m.c.i.embedder.EclipseLogger - Using 'UTF-8' encoding to copy filtered resources.
2018-05-15 15:23:27,793 [Worker-2] INFO  o.e.m.c.i.embedder.EclipseLogger - skip non existing resourceDirectory C:\backup_Ibrahim_or\CustomProjects\Patterns\Spring_in_eclipse_2\productservices\src\test\resources
2018-05-15 15:23:57,202 [Worker-2] INFO  o.e.m.c.i.embedder.EclipseLogger - Using 'UTF-8' encoding to copy filtered resources.
2018-05-15 15:23:57,202 [Worker-2] INFO  o.e.m.c.i.embedder.EclipseLogger - Copying 1 resource
2018-05-15 15:23:57,205 [Worker-2] INFO  o.e.m.c.i.embedder.EclipseLogger - Using 'UTF-8' encoding to copy filtered resources.
2018-05-15 15:23:57,205 [Worker-2] INFO  o.e.m.c.i.embedder.EclipseLogger - skip non existing resourceDirectory C:\backup_Ibrahim_or\CustomProjects\Patterns\Spring_in_eclipse_2\productservices\src\test\resources
2018-05-15 15:31:36,113 [ModalContext] INFO  o.e.m.c.i.e.AbstractTransferListenerAdapter - Downloading https://repo.maven.apache.org/maven2/org/apache/maven/archetypes/maven-archetype-webapp/1.0/maven-archetype-webapp-1.0.jar
2018-05-15 15:31:36,175 [ModalContext] INFO  o.e.m.c.i.e.AbstractTransferListenerAdapter - Downloaded https://repo.maven.apache.org/maven2/org/apache/maven/archetypes/maven-archetype-webapp/1.0/maven-archetype-webapp-1.0.jar
2018-05-15 15:31:36,236 [ModalContext] INFO  o.e.m.c.i.e.AbstractTransferListenerAdapter - Downloading https://repo.maven.apache.org/maven2/org/apache/maven/archetypes/maven-archetype-webapp/1.0/maven-archetype-webapp-1.0.pom
2018-05-15 15:31:36,293 [ModalContext] INFO  o.e.m.c.i.e.AbstractTransferListenerAdapter - Downloaded https://repo.maven.apache.org/maven2/org/apache/maven/archetypes/maven-archetype-webapp/1.0/maven-archetype-webapp-1.0.pom
2018-05-15 15:31:54,162 [Worker-24] INFO  o.e.m.c.i.p.ProjectConfigurationManager - Collecting project info '/pom.xml' C:\backup_Ibrahim_or\CustomProjects\Patterns\Spring_in_eclipse_2\productweb\pom.xml
2018-05-15 15:31:55,037 [Worker-24] INFO  o.e.m.c.i.l.LifecycleMappingFactory - Using org.maven.ide.eclipse.wtp.WarLifecycleMapping lifecycle mapping for MavenProject: com.ibrahim.product:productweb:0.0.1-SNAPSHOT @ C:\backup_Ibrahim_or\CustomProjects\Patterns\Spring_in_eclipse_2\productweb\pom.xml.
2018-05-15 15:31:55,762 [Worker-24] INFO  o.e.m.j.i.AbstractJavaProjectConfigurator - Adding source folder /productweb/src/main/java
2018-05-15 15:31:55,763 [Worker-24] INFO  o.e.m.j.i.AbstractJavaProjectConfigurator - Adding resource folder /productweb/src/main/resources
2018-05-15 15:31:55,764 [Worker-24] INFO  o.e.m.j.i.AbstractJavaProjectConfigurator - Adding source folder /productweb/src/test/java
2018-05-15 15:31:58,065 [Worker-24] INFO  o.e.m.c.i.p.ProjectConfigurationManager - Imported and configured 1 project(s) in 3 sec
2018-05-15 15:31:58,649 [Worker-2] WARN  o.e.m.c.i.embedder.EclipseLogger - Using platform encoding (Cp1254 actually) to copy filtered resources, i.e. build is platform dependent!
2018-05-15 15:31:58,651 [Worker-2] INFO  o.e.m.c.i.embedder.EclipseLogger - Copying 0 resource
2018-05-15 15:31:58,652 [Worker-2] WARN  o.e.m.c.i.embedder.EclipseLogger - Using platform encoding (Cp1254 actually) to copy filtered resources, i.e. build is platform dependent!
2018-05-15 15:31:58,654 [Worker-2] INFO  o.e.m.c.i.embedder.EclipseLogger - skip non existing resourceDirectory C:\backup_Ibrahim_or\CustomProjects\Patterns\Spring_in_eclipse_2\productweb\src\test\resources
2018-05-15 15:33:13,477 [Worker-25] WARN  o.e.m.c.i.embedder.EclipseLogger - Using platform encoding (Cp1254 actually) to copy filtered resources, i.e. build is platform dependent!
2018-05-15 15:33:13,480 [Worker-25] INFO  o.e.m.c.i.embedder.EclipseLogger - Copying 0 resource
2018-05-15 15:33:13,483 [Worker-25] WARN  o.e.m.c.i.embedder.EclipseLogger - Using platform encoding (Cp1254 actually) to copy filtered resources, i.e. build is platform dependent!
2018-05-15 15:33:13,487 [Worker-25] INFO  o.e.m.c.i.embedder.EclipseLogger - skip non existing resourceDirectory C:\backup_Ibrahim_or\CustomProjects\Patterns\Spring_in_eclipse_2\productweb\src\test\resources
2018-05-15 15:33:47,044 [Worker-28] INFO  o.e.m.i.launch.MavenLaunchDelegate - C:\backup_Ibrahim_or\CustomProjects\Patterns\Spring_in_eclipse_2\productweb
2018-05-15 15:33:47,044 [Worker-28] INFO  o.e.m.i.launch.MavenLaunchDelegate -  mvn -B install
2018-05-15 15:33:51,036 [Worker-2] WARN  o.e.m.c.i.embedder.EclipseLogger - Using platform encoding (Cp1254 actually) to copy filtered resources, i.e. build is platform dependent!
2018-05-15 15:33:51,039 [Worker-2] INFO  o.e.m.c.i.embedder.EclipseLogger - Copying 0 resource
2018-05-15 15:33:51,040 [Worker-2] WARN  o.e.m.c.i.embedder.EclipseLogger - Using platform encoding (Cp1254 actually) to copy filtered resources, i.e. build is platform dependent!
2018-05-15 15:33:51,042 [Worker-2] INFO  o.e.m.c.i.embedder.EclipseLogger - skip non existing resourceDirectory C:\backup_Ibrahim_or\CustomProjects\Patterns\Spring_in_eclipse_2\productweb\src\test\resources
2018-05-15 15:38:13,652 [Worker-28] WARN  o.e.m.c.i.embedder.EclipseLogger - Using platform encoding (Cp1254 actually) to copy filtered resources, i.e. build is platform dependent!
2018-05-15 15:38:13,654 [Worker-28] INFO  o.e.m.c.i.embedder.EclipseLogger - Copying 0 resource
2018-05-15 15:38:13,656 [Worker-28] WARN  o.e.m.c.i.embedder.EclipseLogger - Using platform encoding (Cp1254 actually) to copy filtered resources, i.e. build is platform dependent!
2018-05-15 15:38:13,657 [Worker-28] INFO  o.e.m.c.i.embedder.EclipseLogger - skip non existing resourceDirectory C:\backup_Ibrahim_or\CustomProjects\Patterns\Spring_in_eclipse_2\productweb\src\test\resources
2018-05-15 15:41:44,946 [Worker-33] INFO  o.e.m.c.i.p.ProjectConfigurationManager - Collecting project info '/pom.xml' C:\backup_Ibrahim_or\CustomProjects\Patterns\Spring_in_eclipse_2\productweb\pom.xml
2018-05-15 15:41:45,661 [Worker-33] INFO  o.e.m.c.i.l.LifecycleMappingFactory - Using org.maven.ide.eclipse.wtp.WarLifecycleMapping lifecycle mapping for MavenProject: com.ibrahim.product:productweb:0.0.1-SNAPSHOT @ C:\backup_Ibrahim_or\CustomProjects\Patterns\Spring_in_eclipse_2\productweb\pom.xml.
2018-05-15 15:41:46,142 [Worker-33] INFO  o.e.m.j.i.AbstractJavaProjectConfigurator - Adding source folder /productweb/src/main/java
2018-05-15 15:41:46,142 [Worker-33] INFO  o.e.m.j.i.AbstractJavaProjectConfigurator - Adding resource folder /productweb/src/main/resources
2018-05-15 15:41:46,143 [Worker-33] INFO  o.e.m.j.i.AbstractJavaProjectConfigurator - Adding source folder /productweb/src/test/java
2018-05-15 15:41:47,841 [Worker-33] INFO  o.e.m.c.i.p.ProjectConfigurationManager - Imported and configured 1 project(s) in 2 sec
2018-05-15 15:41:48,071 [Worker-25] WARN  o.e.m.c.i.embedder.EclipseLogger - Using platform encoding (Cp1254 actually) to copy filtered resources, i.e. build is platform dependent!
2018-05-15 15:41:48,072 [Worker-25] INFO  o.e.m.c.i.embedder.EclipseLogger - Copying 0 resource
2018-05-15 15:41:48,074 [Worker-25] WARN  o.e.m.c.i.embedder.EclipseLogger - Using platform encoding (Cp1254 actually) to copy filtered resources, i.e. build is platform dependent!
2018-05-15 15:41:48,075 [Worker-25] INFO  o.e.m.c.i.embedder.EclipseLogger - skip non existing resourceDirectory C:\backup_Ibrahim_or\CustomProjects\Patterns\Spring_in_eclipse_2\productweb\src\test\resources
2018-05-15 15:42:35,409 [Worker-36] INFO  o.e.m.c.i.l.LifecycleMappingFactory - Using org.maven.ide.eclipse.wtp.WarLifecycleMapping lifecycle mapping for MavenProject: com.ibrahim.product:productweb:0.0.1-SNAPSHOT @ C:\backup_Ibrahim_or\CustomProjects\Patterns\Spring_in_eclipse_2\productweb\pom.xml.
2018-05-15 15:42:35,876 [Worker-36] WARN  o.e.m.c.i.embedder.EclipseLogger - Using platform encoding (Cp1254 actually) to copy filtered resources, i.e. build is platform dependent!
2018-05-15 15:42:35,877 [Worker-36] INFO  o.e.m.c.i.embedder.EclipseLogger - Copying 0 resource
2018-05-15 15:42:35,878 [Worker-36] WARN  o.e.m.c.i.embedder.EclipseLogger - Using platform encoding (Cp1254 actually) to copy filtered resources, i.e. build is platform dependent!
2018-05-15 15:42:35,879 [Worker-36] INFO  o.e.m.c.i.embedder.EclipseLogger - skip non existing resourceDirectory C:\backup_Ibrahim_or\CustomProjects\Patterns\Spring_in_eclipse_2\productweb\src\test\resources
2018-05-15 15:42:35,881 [Worker-36] INFO  o.e.m.w.i.f.ResourceFilteringBuildParticipant - Changed resources require a complete clean of filtered resources of productweb
2018-05-15 15:42:35,881 [Worker-36] INFO  o.e.m.w.i.f.ResourceFilteringBuildParticipant - Executing resource filtering for productweb
2018-05-15 15:42:35,886 [Worker-36] WARN  o.e.m.c.i.embedder.EclipseLogger - Using platform encoding (Cp1254 actually) to copy filtered resources, i.e. build is platform dependent!
2018-05-15 15:42:44,135 [Worker-34] INFO  o.e.m.c.i.p.ProjectConfigurationManager - Update started
2018-05-15 15:42:44,668 [Worker-34] INFO  o.e.m.c.i.l.LifecycleMappingFactory - Using org.maven.ide.eclipse.wtp.WarLifecycleMapping lifecycle mapping for MavenProject: com.ibrahim.product:productweb:0.0.1-SNAPSHOT @ C:\backup_Ibrahim_or\CustomProjects\Patterns\Spring_in_eclipse_2\productweb\pom.xml.
2018-05-15 15:42:45,136 [Worker-34] INFO  o.e.m.j.i.AbstractJavaProjectConfigurator - Adding source folder /productweb/src/main/java
2018-05-15 15:42:45,137 [Worker-34] INFO  o.e.m.j.i.AbstractJavaProjectConfigurator - Adding resource folder /productweb/src/main/resources
2018-05-15 15:42:45,137 [Worker-34] INFO  o.e.m.j.i.AbstractJavaProjectConfigurator - Adding source folder /productweb/src/test/java
2018-05-15 15:42:45,899 [Worker-34] INFO  o.e.m.w.i.f.ResourceFilteringBuildParticipant - Cleaning filtered folder for productweb
2018-05-15 15:42:45,912 [Worker-34] INFO  o.e.m.c.i.p.ProjectConfigurationManager - Update completed: 1 sec
2018-05-15 15:42:45,941 [Worker-34] WARN  o.e.m.c.i.embedder.EclipseLogger - Using platform encoding (Cp1254 actually) to copy filtered resources, i.e. build is platform dependent!
2018-05-15 15:42:45,942 [Worker-34] INFO  o.e.m.c.i.embedder.EclipseLogger - Copying 0 resource
2018-05-15 15:42:45,943 [Worker-34] WARN  o.e.m.c.i.embedder.EclipseLogger - Using platform encoding (Cp1254 actually) to copy filtered resources, i.e. build is platform dependent!
2018-05-15 15:42:45,944 [Worker-34] INFO  o.e.m.c.i.embedder.EclipseLogger - skip non existing resourceDirectory C:\backup_Ibrahim_or\CustomProjects\Patterns\Spring_in_eclipse_2\productweb\src\test\resources
2018-05-15 15:42:45,945 [Worker-34] INFO  o.e.m.w.i.f.ResourceFilteringBuildParticipant - Changed resources require a complete clean of filtered resources of productweb
2018-05-15 15:42:45,945 [Worker-34] INFO  o.e.m.w.i.f.ResourceFilteringBuildParticipant - Executing resource filtering for productweb
2018-05-15 15:42:45,948 [Worker-34] WARN  o.e.m.c.i.embedder.EclipseLogger - Using platform encoding (Cp1254 actually) to copy filtered resources, i.e. build is platform dependent!
2018-05-15 15:42:46,222 [Worker-36] WARN  o.e.m.c.i.embedder.EclipseLogger - Using platform encoding (Cp1254 actually) to copy filtered resources, i.e. build is platform dependent!
2018-05-15 15:42:46,224 [Worker-36] INFO  o.e.m.c.i.embedder.EclipseLogger - Copying 0 resource
2018-05-15 15:42:46,226 [Worker-36] WARN  o.e.m.c.i.embedder.EclipseLogger - Using platform encoding (Cp1254 actually) to copy filtered resources, i.e. build is platform dependent!
2018-05-15 15:42:46,227 [Worker-36] INFO  o.e.m.c.i.embedder.EclipseLogger - skip non existing resourceDirectory C:\backup_Ibrahim_or\CustomProjects\Patterns\Spring_in_eclipse_2\productweb\src\test\resources
2018-05-15 15:43:38,119 [Worker-35] WARN  o.e.m.c.i.embedder.EclipseLogger - Using platform encoding (Cp1254 actually) to copy filtered resources, i.e. build is platform dependent!
2018-05-15 15:43:38,121 [Worker-35] INFO  o.e.m.c.i.embedder.EclipseLogger - Copying 0 resource
2018-05-15 15:43:38,121 [Worker-35] WARN  o.e.m.c.i.embedder.EclipseLogger - Using platform encoding (Cp1254 actually) to copy filtered resources, i.e. build is platform dependent!
2018-05-15 15:43:38,123 [Worker-35] INFO  o.e.m.c.i.embedder.EclipseLogger - skip non existing resourceDirectory C:\backup_Ibrahim_or\CustomProjects\Patterns\Spring_in_eclipse_2\productweb\src\test\resources
2018-05-15 15:45:11,047 [Worker-36] WARN  o.e.m.c.i.embedder.EclipseLogger - Using platform encoding (Cp1254 actually) to copy filtered resources, i.e. build is platform dependent!
2018-05-15 15:45:11,048 [Worker-36] INFO  o.e.m.c.i.embedder.EclipseLogger - Copying 0 resource
2018-05-15 15:45:11,049 [Worker-36] WARN  o.e.m.c.i.embedder.EclipseLogger - Using platform encoding (Cp1254 actually) to copy filtered resources, i.e. build is platform dependent!
2018-05-15 15:45:11,050 [Worker-36] INFO  o.e.m.c.i.embedder.EclipseLogger - skip non existing resourceDirectory C:\backup_Ibrahim_or\CustomProjects\Patterns\Spring_in_eclipse_2\productweb\src\test\resources
2018-05-15 15:46:13,451 [Worker-25] WARN  o.e.m.c.i.embedder.EclipseLogger - Using platform encoding (Cp1254 actually) to copy filtered resources, i.e. build is platform dependent!
2018-05-15 15:46:13,455 [Worker-25] INFO  o.e.m.c.i.embedder.EclipseLogger - Copying 0 resource
2018-05-15 15:46:13,456 [Worker-25] WARN  o.e.m.c.i.embedder.EclipseLogger - Using platform encoding (Cp1254 actually) to copy filtered resources, i.e. build is platform dependent!
2018-05-15 15:46:13,457 [Worker-25] INFO  o.e.m.c.i.embedder.EclipseLogger - skip non existing resourceDirectory C:\backup_Ibrahim_or\CustomProjects\Patterns\Spring_in_eclipse_2\productweb\src\test\resources
2018-05-15 15:46:35,037 [Worker-25] WARN  o.e.m.c.i.embedder.EclipseLogger - Using platform encoding (Cp1254 actually) to copy filtered resources, i.e. build is platform dependent!
2018-05-15 15:46:35,040 [Worker-25] INFO  o.e.m.c.i.embedder.EclipseLogger - Copying 0 resource
2018-05-15 15:46:35,041 [Worker-25] WARN  o.e.m.c.i.embedder.EclipseLogger - Using platform encoding (Cp1254 actually) to copy filtered resources, i.e. build is platform dependent!
2018-05-15 15:46:35,042 [Worker-25] INFO  o.e.m.c.i.embedder.EclipseLogger - skip non existing resourceDirectory C:\backup_Ibrahim_or\CustomProjects\Patterns\Spring_in_eclipse_2\productweb\src\test\resources
2018-05-15 15:47:33,811 [Worker-37] WARN  o.e.m.c.i.embedder.EclipseLogger - Using platform encoding (Cp1254 actually) to copy filtered resources, i.e. build is platform dependent!
2018-05-15 15:47:33,813 [Worker-37] INFO  o.e.m.c.i.embedder.EclipseLogger - Copying 0 resource
2018-05-15 15:47:33,815 [Worker-37] WARN  o.e.m.c.i.embedder.EclipseLogger - Using platform encoding (Cp1254 actually) to copy filtered resources, i.e. build is platform dependent!
2018-05-15 15:47:33,817 [Worker-37] INFO  o.e.m.c.i.embedder.EclipseLogger - skip non existing resourceDirectory C:\backup_Ibrahim_or\CustomProjects\Patterns\Spring_in_eclipse_2\productweb\src\test\resources
2018-05-15 15:48:06,717 [Worker-33] WARN  o.e.m.c.i.embedder.EclipseLogger - Using platform encoding (Cp1254 actually) to copy filtered resources, i.e. build is platform dependent!
2018-05-15 15:48:06,718 [Worker-33] INFO  o.e.m.c.i.embedder.EclipseLogger - Copying 0 resource
2018-05-15 15:48:06,720 [Worker-33] WARN  o.e.m.c.i.embedder.EclipseLogger - Using platform encoding (Cp1254 actually) to copy filtered resources, i.e. build is platform dependent!
2018-05-15 15:48:06,721 [Worker-33] INFO  o.e.m.c.i.embedder.EclipseLogger - skip non existing resourceDirectory C:\backup_Ibrahim_or\CustomProjects\Patterns\Spring_in_eclipse_2\productweb\src\test\resources
2018-05-15 15:48:26,108 [Worker-33] WARN  o.e.m.c.i.embedder.EclipseLogger - Using platform encoding (Cp1254 actually) to copy filtered resources, i.e. build is platform dependent!
2018-05-15 15:48:26,110 [Worker-33] INFO  o.e.m.c.i.embedder.EclipseLogger - Copying 0 resource
2018-05-15 15:48:26,111 [Worker-33] WARN  o.e.m.c.i.embedder.EclipseLogger - Using platform encoding (Cp1254 actually) to copy filtered resources, i.e. build is platform dependent!
2018-05-15 15:48:26,113 [Worker-33] INFO  o.e.m.c.i.embedder.EclipseLogger - skip non existing resourceDirectory C:\backup_Ibrahim_or\CustomProjects\Patterns\Spring_in_eclipse_2\productweb\src\test\resources
2018-05-15 15:49:06,541 [Worker-38] WARN  o.e.m.c.i.embedder.EclipseLogger - Using platform encoding (Cp1254 actually) to copy filtered resources, i.e. build is platform dependent!
2018-05-15 15:49:06,543 [Worker-38] INFO  o.e.m.c.i.embedder.EclipseLogger - Copying 0 resource
2018-05-15 15:49:06,544 [Worker-38] WARN  o.e.m.c.i.embedder.EclipseLogger - Using platform encoding (Cp1254 actually) to copy filtered resources, i.e. build is platform dependent!
2018-05-15 15:49:06,545 [Worker-38] INFO  o.e.m.c.i.embedder.EclipseLogger - skip non existing resourceDirectory C:\backup_Ibrahim_or\CustomProjects\Patterns\Spring_in_eclipse_2\productweb\src\test\resources
2018-05-15 15:49:19,068 [Worker-38] WARN  o.e.m.c.i.embedder.EclipseLogger - Using platform encoding (Cp1254 actually) to copy filtered resources, i.e. build is platform dependent!
2018-05-15 15:49:19,070 [Worker-38] INFO  o.e.m.c.i.embedder.EclipseLogger - Copying 0 resource
2018-05-15 15:49:19,071 [Worker-38] WARN  o.e.m.c.i.embedder.EclipseLogger - Using platform encoding (Cp1254 actually) to copy filtered resources, i.e. build is platform dependent!
2018-05-15 15:49:19,072 [Worker-38] INFO  o.e.m.c.i.embedder.EclipseLogger - skip non existing resourceDirectory C:\backup_Ibrahim_or\CustomProjects\Patterns\Spring_in_eclipse_2\productweb\src\test\resources
2018-05-15 15:49:24,875 [Worker-25] WARN  o.e.m.c.i.embedder.EclipseLogger - Using platform encoding (Cp1254 actually) to copy filtered resources, i.e. build is platform dependent!
2018-05-15 15:49:24,876 [Worker-25] INFO  o.e.m.c.i.embedder.EclipseLogger - Copying 0 resource
2018-05-15 15:49:24,877 [Worker-25] WARN  o.e.m.c.i.embedder.EclipseLogger - Using platform encoding (Cp1254 actually) to copy filtered resources, i.e. build is platform dependent!
2018-05-15 15:49:24,878 [Worker-25] INFO  o.e.m.c.i.embedder.EclipseLogger - skip non existing resourceDirectory C:\backup_Ibrahim_or\CustomProjects\Patterns\Spring_in_eclipse_2\productweb\src\test\resources
2018-05-15 15:49:45,502 [Worker-35] WARN  o.e.m.c.i.embedder.EclipseLogger - Using platform encoding (Cp1254 actually) to copy filtered resources, i.e. build is platform dependent!
2018-05-15 15:49:45,503 [Worker-35] INFO  o.e.m.c.i.embedder.EclipseLogger - Copying 0 resource
2018-05-15 15:49:45,504 [Worker-35] WARN  o.e.m.c.i.embedder.EclipseLogger - Using platform encoding (Cp1254 actually) to copy filtered resources, i.e. build is platform dependent!
2018-05-15 15:49:45,505 [Worker-35] INFO  o.e.m.c.i.embedder.EclipseLogger - skip non existing resourceDirectory C:\backup_Ibrahim_or\CustomProjects\Patterns\Spring_in_eclipse_2\productweb\src\test\resources
2018-05-15 15:50:01,836 [Worker-35] WARN  o.e.m.c.i.embedder.EclipseLogger - Using platform encoding (Cp1254 actually) to copy filtered resources, i.e. build is platform dependent!
2018-05-15 15:50:01,838 [Worker-35] INFO  o.e.m.c.i.embedder.EclipseLogger - Copying 0 resource
2018-05-15 15:50:01,839 [Worker-35] WARN  o.e.m.c.i.embedder.EclipseLogger - Using platform encoding (Cp1254 actually) to copy filtered resources, i.e. build is platform dependent!
2018-05-15 15:50:01,840 [Worker-35] INFO  o.e.m.c.i.embedder.EclipseLogger - skip non existing resourceDirectory C:\backup_Ibrahim_or\CustomProjects\Patterns\Spring_in_eclipse_2\productweb\src\test\resources
2018-05-15 16:38:41,919 [Worker-71] INFO  o.e.m.c.i.l.LifecycleMappingFactory - Using org.maven.ide.eclipse.wtp.WarLifecycleMapping lifecycle mapping for MavenProject: com.ibrahim.product:productweb:0.0.2-SNAPSHOT @ C:\backup_Ibrahim_or\CustomProjects\Patterns\Spring_in_eclipse_2\productweb\pom.xml.
2018-05-15 16:38:42,458 [Worker-71] WARN  o.e.m.c.i.embedder.EclipseLogger - Using platform encoding (Cp1254 actually) to copy filtered resources, i.e. build is platform dependent!
2018-05-15 16:38:42,459 [Worker-71] INFO  o.e.m.c.i.embedder.EclipseLogger - Copying 0 resource
2018-05-15 16:38:42,460 [Worker-71] WARN  o.e.m.c.i.embedder.EclipseLogger - Using platform encoding (Cp1254 actually) to copy filtered resources, i.e. build is platform dependent!
2018-05-15 16:38:42,462 [Worker-71] INFO  o.e.m.c.i.embedder.EclipseLogger - skip non existing resourceDirectory C:\backup_Ibrahim_or\CustomProjects\Patterns\Spring_in_eclipse_2\productweb\src\test\resources
2018-05-15 16:38:42,462 [Worker-71] INFO  o.e.m.w.i.f.ResourceFilteringBuildParticipant - Changed resources require a complete clean of filtered resources of productweb
2018-05-15 16:38:42,462 [Worker-71] INFO  o.e.m.w.i.f.ResourceFilteringBuildParticipant - Executing resource filtering for productweb
2018-05-15 16:38:42,465 [Worker-71] WARN  o.e.m.c.i.embedder.EclipseLogger - Using platform encoding (Cp1254 actually) to copy filtered resources, i.e. build is platform dependent!
2018-05-15 16:38:48,074 [Worker-66] INFO  o.e.m.c.i.p.ProjectConfigurationManager - Update started
2018-05-15 16:38:48,661 [Worker-66] INFO  o.e.m.c.i.l.LifecycleMappingFactory - Using org.maven.ide.eclipse.wtp.WarLifecycleMapping lifecycle mapping for MavenProject: com.ibrahim.product:productweb:0.0.2-SNAPSHOT @ C:\backup_Ibrahim_or\CustomProjects\Patterns\Spring_in_eclipse_2\productweb\pom.xml.
2018-05-15 16:38:49,196 [Worker-66] INFO  o.e.m.j.i.AbstractJavaProjectConfigurator - Adding source folder /productweb/src/main/java
2018-05-15 16:38:49,197 [Worker-66] INFO  o.e.m.j.i.AbstractJavaProjectConfigurator - Adding resource folder /productweb/src/main/resources
2018-05-15 16:38:49,197 [Worker-66] INFO  o.e.m.j.i.AbstractJavaProjectConfigurator - Adding source folder /productweb/src/test/java
2018-05-15 16:38:50,096 [Worker-66] INFO  o.e.m.w.i.f.ResourceFilteringBuildParticipant - Cleaning filtered folder for productweb
2018-05-15 16:38:50,106 [Worker-66] INFO  o.e.m.c.i.p.ProjectConfigurationManager - Update completed: 2 sec
2018-05-15 16:38:50,383 [Worker-71] WARN  o.e.m.c.i.embedder.EclipseLogger - Using platform encoding (Cp1254 actually) to copy filtered resources, i.e. build is platform dependent!
2018-05-15 16:38:50,385 [Worker-71] INFO  o.e.m.c.i.embedder.EclipseLogger - Copying 0 resource
2018-05-15 16:38:50,386 [Worker-71] WARN  o.e.m.c.i.embedder.EclipseLogger - Using platform encoding (Cp1254 actually) to copy filtered resources, i.e. build is platform dependent!
2018-05-15 16:38:50,388 [Worker-71] INFO  o.e.m.c.i.embedder.EclipseLogger - skip non existing resourceDirectory C:\backup_Ibrahim_or\CustomProjects\Patterns\Spring_in_eclipse_2\productweb\src\test\resources
2018-05-15 16:38:50,388 [Worker-71] INFO  o.e.m.w.i.f.ResourceFilteringBuildParticipant - Changed resources require a complete clean of filtered resources of productweb
2018-05-15 16:38:50,388 [Worker-71] INFO  o.e.m.w.i.f.ResourceFilteringBuildParticipant - Executing resource filtering for productweb
2018-05-15 16:38:50,392 [Worker-71] WARN  o.e.m.c.i.embedder.EclipseLogger - Using platform encoding (Cp1254 actually) to copy filtered resources, i.e. build is platform dependent!
2018-05-15 16:39:07,795 [Worker-73] INFO  o.e.m.c.i.l.LifecycleMappingFactory - Using org.maven.ide.eclipse.wtp.WarLifecycleMapping lifecycle mapping for MavenProject: com.ibrahim.product:productweb:0.0.1-SNAPSHOT @ C:\backup_Ibrahim_or\CustomProjects\Patterns\Spring_in_eclipse_2\productweb\pom.xml.
2018-05-15 16:39:08,201 [Worker-73] WARN  o.e.m.c.i.embedder.EclipseLogger - Using platform encoding (Cp1254 actually) to copy filtered resources, i.e. build is platform dependent!
2018-05-15 16:39:08,202 [Worker-73] INFO  o.e.m.c.i.embedder.EclipseLogger - Copying 0 resource
2018-05-15 16:39:08,203 [Worker-73] WARN  o.e.m.c.i.embedder.EclipseLogger - Using platform encoding (Cp1254 actually) to copy filtered resources, i.e. build is platform dependent!
2018-05-15 16:39:08,204 [Worker-73] INFO  o.e.m.c.i.embedder.EclipseLogger - skip non existing resourceDirectory C:\backup_Ibrahim_or\CustomProjects\Patterns\Spring_in_eclipse_2\productweb\src\test\resources
2018-05-15 16:39:08,204 [Worker-73] INFO  o.e.m.w.i.f.ResourceFilteringBuildParticipant - Changed resources require a complete clean of filtered resources of productweb
2018-05-15 16:39:08,204 [Worker-73] INFO  o.e.m.w.i.f.ResourceFilteringBuildParticipant - Executing resource filtering for productweb
2018-05-15 16:39:08,207 [Worker-73] WARN  o.e.m.c.i.embedder.EclipseLogger - Using platform encoding (Cp1254 actually) to copy filtered resources, i.e. build is platform dependent!
2018-05-15 16:39:14,108 [Worker-71] INFO  o.e.m.c.i.p.ProjectConfigurationManager - Update started
2018-05-15 16:39:14,587 [Worker-71] INFO  o.e.m.c.i.l.LifecycleMappingFactory - Using org.maven.ide.eclipse.wtp.WarLifecycleMapping lifecycle mapping for MavenProject: com.ibrahim.product:productweb:0.0.1-SNAPSHOT @ C:\backup_Ibrahim_or\CustomProjects\Patterns\Spring_in_eclipse_2\productweb\pom.xml.
2018-05-15 16:39:15,089 [Worker-71] INFO  o.e.m.j.i.AbstractJavaProjectConfigurator - Adding source folder /productweb/src/main/java
2018-05-15 16:39:15,089 [Worker-71] INFO  o.e.m.j.i.AbstractJavaProjectConfigurator - Adding resource folder /productweb/src/main/resources
2018-05-15 16:39:15,090 [Worker-71] INFO  o.e.m.j.i.AbstractJavaProjectConfigurator - Adding source folder /productweb/src/test/java
2018-05-15 16:39:16,069 [Worker-71] INFO  o.e.m.w.i.f.ResourceFilteringBuildParticipant - Cleaning filtered folder for productweb
2018-05-15 16:39:16,077 [Worker-71] INFO  o.e.m.c.i.p.ProjectConfigurationManager - Update completed: 1 sec
2018-05-15 16:39:16,264 [Worker-60] WARN  o.e.m.c.i.embedder.EclipseLogger - Using platform encoding (Cp1254 actually) to copy filtered resources, i.e. build is platform dependent!
2018-05-15 16:39:16,266 [Worker-60] INFO  o.e.m.c.i.embedder.EclipseLogger - Copying 0 resource
2018-05-15 16:39:16,267 [Worker-60] WARN  o.e.m.c.i.embedder.EclipseLogger - Using platform encoding (Cp1254 actually) to copy filtered resources, i.e. build is platform dependent!
